#
# A fatal error has been detected by the Java Runtime Environment:
#
#  SIGBUS (0x7) at pc=0x00007fa889223a32, pid=18296, tid=140359550473984
#
# JRE version: Java(TM) SE Runtime Environment (8.0_91-b14) (build 1.8.0_91-b14)
# Java VM: Java HotSpot(TM) 64-Bit Server VM (25.91-b14 mixed mode linux-amd64 compressed oops)
# Problematic frame:
# C  [libzip.so+0x11a32]  newEntry+0x62
#
# Failed to write core dump. Core dumps have been disabled. To enable core dumping, try "ulimit -c unlimited" before starting Java again
#
# If you would like to submit a bug report, please visit:
#   http://bugreport.java.com/bugreport/crash.jsp
# The crash happened outside the Java Virtual Machine in native code.
# See problematic frame for where to report the bug.
#

---------------  T H R E A D  ---------------

Current thread (0x00007fa820027800):  JavaThread "NativeWindowFactory_ShutdownHook" [_thread_in_native, id=18578, stack(0x00007fa801159000,0x00007fa80125a000)]

siginfo: si_signo: 7 (SIGBUS), si_code: 2 (BUS_ADRERR), si_addr: 0x00007fa87409bc64

Registers:
RAX=0x00007fa828000e20, RBX=0x00007fa8841b59c0, RCX=0x00007fa828000020, RDX=0x00007fa828000e20
RSP=0x00007fa8012562e0, RBP=0x00007fa801256330, RSI=0x00007fa828000038, RDI=0x0000000000000003
R8 =0x00007fa828000ba0, R9 =0x00007fa8012563b0, R10=0x00007fa828000e10, R11=0x0000000000000006
R12=0x00007fa87409bc47, R13=0x00007fa828000e20, R14=0x0000000022a4aff0, R15=0x00007fa8841bd5e0
RIP=0x00007fa889223a32, EFLAGS=0x0000000000010206, CSGSFS=0x0000000000000033, ERR=0x0000000000000004
  TRAPNO=0x000000000000000e

Top of Stack: (sp=0x00007fa8012562e0)
0x00007fa8012562e0:   00007fa8012a4200 00007fa800000000
0x00007fa8012562f0:   00000001000007a8 00007fa88ae91cfe
0x00007fa801256300:   00007fa828000e20 00007fa8841b59c0
0x00007fa801256310:   00007fa81c49e010 00007fa8841bd5e0
0x00007fa801256320:   0000000022a4aff0 000000000000001f
0x00007fa801256330:   00007fa801256390 00007fa88922418f
0x00007fa801256340:   00007fa820027800 01007fa801291b20
0x00007fa801256350:   00007fa8012563b0 00007fa8012563d0
0x00007fa801256360:   00007fa8012563ce 00007fa8012563b0
0x00007fa801256370:   000000000000001f 00007fa8200279f8
0x00007fa801256380:   00007fa801256808 0000000000000001
0x00007fa801256390:   00007fa8012567f0 00007fa889215ec0
0x00007fa8012563a0:   00000000012b99b8 00007fa8841bd5e0
0x00007fa8012563b0:   6e2f706d61676f6a 707369442f747765
0x00007fa8012563c0:   246c706d4979616c 007373616c632e36
0x00007fa8012563d0:   0000000000000000 00007fa88b5e992d
0x00007fa8012563e0:   00000000012b9c38 00007fa80c1902f0
0x00007fa8012563f0:   000000000000003c 00007fa8012564c8
0x00007fa801256400:   00007fa8012564b8 00007fa800000000
0x00007fa801256410:   0000000000000000 00007fa8012564d0
0x00007fa801256420:   0000000000000000 00007fa800c73f78
0x00007fa801256430:   0000000000000000 0000000074fc1320
0x00007fa801256440:   00007fa800000000 00007fa800000000
0x00007fa801256450:   00007fa8012564e0 00007fa800000000
0x00007fa801256460:   00007fa800000000 00007fa800000027
0x00007fa801256470:   0000000000000000 0000003c00000027
0x00007fa801256480:   00007fa88b0d5e2a 0000000100000000
0x00007fa801256490:   00007fa801256530 00007fa88b6176ce
0x00007fa8012564a0:   00007fa801256a50 00007fa801256a40
0x00007fa8012564b0:   00007fa88b0d5e28 00007fa801256bc0
0x00007fa8012564c0:   0000000000000000 00007fa88b5e992d
0x00007fa8012564d0:   0000000000000000 00007fa88b5e9241 

Instructions: (pc=0x00007fa889223a32)
0x00007fa889223a12:   00 48 c7 40 28 00 00 00 00 41 80 7f 30 00 0f 84
0x00007fa889223a22:   8a 02 00 00 4c 8b 63 08 4d 2b 67 28 4d 03 67 18
0x00007fa889223a32:   41 0f b6 5c 24 1d 41 0f b6 44 24 1c c1 e3 08 09
0x00007fa889223a42:   c3 41 0f b6 44 24 1e 88 45 bd 41 0f b6 54 24 20 

Register to memory mapping:

RAX=0x00007fa828000e20 is an unknown value
RBX=0x00007fa8841b59c0 is an unknown value
RCX=0x00007fa828000020 is an unknown value
RDX=0x00007fa828000e20 is an unknown value
RSP=0x00007fa8012562e0 is pointing into the stack for thread: 0x00007fa820027800
RBP=0x00007fa801256330 is pointing into the stack for thread: 0x00007fa820027800
RSI=0x00007fa828000038 is an unknown value
RDI=0x0000000000000003 is an unknown value
R8 =0x00007fa828000ba0 is an unknown value
R9 =0x00007fa8012563b0 is pointing into the stack for thread: 0x00007fa820027800
R10=0x00007fa828000e10 is an unknown value
R11=0x0000000000000006 is an unknown value
R12=0x00007fa87409bc47 is an unknown value
R13=0x00007fa828000e20 is an unknown value
R14=0x0000000022a4aff0 is an unknown value
R15=0x00007fa8841bd5e0 is an unknown value


Stack: [0x00007fa801159000,0x00007fa80125a000],  sp=0x00007fa8012562e0,  free space=1012k
Native frames: (J=compiled Java code, j=interpreted, Vv=VM code, C=native code)
C  [libzip.so+0x11a32]  newEntry+0x62
C  [libzip.so+0x1218f]  ZIP_GetEntry2+0xff
C  [libzip.so+0x3ec0]  Java_java_util_zip_ZipFile_getEntry+0xf0
J 510  java.util.zip.ZipFile.getEntry(J[BZ)J (0 bytes) @ 0x00007fa875233b8e [0x00007fa875233ac0+0xce]
J 2268 C2 sun.misc.URLClassPath$JarLoader.getResource(Ljava/lang/String;Z)Lsun/misc/Resource; (85 bytes) @ 0x00007fa8757b4c14 [0x00007fa8757b4680+0x594]
J 339 C1 sun.misc.URLClassPath.getResource(Ljava/lang/String;Z)Lsun/misc/Resource; (83 bytes) @ 0x00007fa8751d402c [0x00007fa8751d3ec0+0x16c]
J 516 C1 java.net.URLClassLoader$1.run()Ljava/lang/Class; (63 bytes) @ 0x00007fa87523bc2c [0x00007fa87523ba20+0x20c]
J 515 C1 java.net.URLClassLoader$1.run()Ljava/lang/Object; (5 bytes) @ 0x00007fa87523b68c [0x00007fa87523b600+0x8c]
v  ~StubRoutines::call_stub
V  [libjvm.so+0x68dbc6]  JavaCalls::call_helper(JavaValue*, methodHandle*, JavaCallArguments*, Thread*)+0x1056
V  [libjvm.so+0x726a0c]  JVM_DoPrivileged+0x27c
J 514  java.security.AccessController.doPrivileged(Ljava/security/PrivilegedExceptionAction;Ljava/security/AccessControlContext;)Ljava/lang/Object; (0 bytes) @ 0x00007fa875239e95 [0x00007fa875239dc0+0xd5]
J 399 C1 java.net.URLClassLoader.findClass(Ljava/lang/String;)Ljava/lang/Class; (47 bytes) @ 0x00007fa8751f54c4 [0x00007fa8751f5340+0x184]
J 275 C1 java.lang.ClassLoader.loadClass(Ljava/lang/String;Z)Ljava/lang/Class; (122 bytes) @ 0x00007fa8751ae57c [0x00007fa8751adc20+0x95c]
J 321 C1 sun.misc.Launcher$AppClassLoader.loadClass(Ljava/lang/String;Z)Ljava/lang/Class; (85 bytes) @ 0x00007fa8751c9e8c [0x00007fa8751c9500+0x98c]
J 320 C1 java.lang.ClassLoader.loadClass(Ljava/lang/String;)Ljava/lang/Class; (7 bytes) @ 0x00007fa8751c9144 [0x00007fa8751c9040+0x104]
v  ~StubRoutines::call_stub
V  [libjvm.so+0x68dbc6]  JavaCalls::call_helper(JavaValue*, methodHandle*, JavaCallArguments*, Thread*)+0x1056
V  [libjvm.so+0x68e0d1]  JavaCalls::call_virtual(JavaValue*, KlassHandle, Symbol*, Symbol*, JavaCallArguments*, Thread*)+0x321
V  [libjvm.so+0x68e516]  JavaCalls::call_virtual(JavaValue*, Handle, KlassHandle, Symbol*, Symbol*, Handle, Thread*)+0x56
V  [libjvm.so+0xa33500]  SystemDictionary::load_instance_class(Symbol*, Handle, Thread*)+0x3f0
V  [libjvm.so+0xa323ec]  SystemDictionary::resolve_instance_class_or_null(Symbol*, Handle, Handle, Thread*)+0x7cc
V  [libjvm.so+0xa33923]  SystemDictionary::resolve_or_fail(Symbol*, Handle, Handle, bool, Thread*)+0x33
V  [libjvm.so+0x4f1e58]  ConstantPool::klass_at_impl(constantPoolHandle, int, Thread*)+0x158
V  [libjvm.so+0x682141]  InterpreterRuntime::_new(JavaThread*, ConstantPool*, int)+0x71
j  jogamp.newt.DisplayImpl.shutdownAll()V+189
j  jogamp.newt.DisplayImpl$1.run()V+6
j  com.jogamp.nativewindow.NativeWindowFactory.shutdown(Z)V+127
j  com.jogamp.nativewindow.NativeWindowFactory$2$1.run()V+1
j  java.lang.Thread.run()V+11
v  ~StubRoutines::call_stub
V  [libjvm.so+0x68dbc6]  JavaCalls::call_helper(JavaValue*, methodHandle*, JavaCallArguments*, Thread*)+0x1056
V  [libjvm.so+0x68e0d1]  JavaCalls::call_virtual(JavaValue*, KlassHandle, Symbol*, Symbol*, JavaCallArguments*, Thread*)+0x321
V  [libjvm.so+0x68e567]  JavaCalls::call_virtual(JavaValue*, Handle, KlassHandle, Symbol*, Symbol*, Thread*)+0x47
V  [libjvm.so+0x7254b0]  thread_entry(JavaThread*, Thread*)+0xa0
V  [libjvm.so+0xa6b77f]  JavaThread::thread_main_inner()+0xdf
V  [libjvm.so+0xa6b8ac]  JavaThread::run()+0x11c
V  [libjvm.so+0x91ef78]  java_start(Thread*)+0x108
C  [libpthread.so.0+0x76ba]  start_thread+0xca

Java frames: (J=compiled Java code, j=interpreted, Vv=VM code)
J 510  java.util.zip.ZipFile.getEntry(J[BZ)J (0 bytes) @ 0x00007fa875233b18 [0x00007fa875233ac0+0x58]
J 2268 C2 sun.misc.URLClassPath$JarLoader.getResource(Ljava/lang/String;Z)Lsun/misc/Resource; (85 bytes) @ 0x00007fa8757b4c14 [0x00007fa8757b4680+0x594]
J 339 C1 sun.misc.URLClassPath.getResource(Ljava/lang/String;Z)Lsun/misc/Resource; (83 bytes) @ 0x00007fa8751d402c [0x00007fa8751d3ec0+0x16c]
J 516 C1 java.net.URLClassLoader$1.run()Ljava/lang/Class; (63 bytes) @ 0x00007fa87523bc2c [0x00007fa87523ba20+0x20c]
J 515 C1 java.net.URLClassLoader$1.run()Ljava/lang/Object; (5 bytes) @ 0x00007fa87523b68c [0x00007fa87523b600+0x8c]
v  ~StubRoutines::call_stub
J 514  java.security.AccessController.doPrivileged(Ljava/security/PrivilegedExceptionAction;Ljava/security/AccessControlContext;)Ljava/lang/Object; (0 bytes) @ 0x00007fa875239e23 [0x00007fa875239dc0+0x63]
J 399 C1 java.net.URLClassLoader.findClass(Ljava/lang/String;)Ljava/lang/Class; (47 bytes) @ 0x00007fa8751f54c4 [0x00007fa8751f5340+0x184]
J 275 C1 java.lang.ClassLoader.loadClass(Ljava/lang/String;Z)Ljava/lang/Class; (122 bytes) @ 0x00007fa8751ae57c [0x00007fa8751adc20+0x95c]
J 321 C1 sun.misc.Launcher$AppClassLoader.loadClass(Ljava/lang/String;Z)Ljava/lang/Class; (85 bytes) @ 0x00007fa8751c9e8c [0x00007fa8751c9500+0x98c]
J 320 C1 java.lang.ClassLoader.loadClass(Ljava/lang/String;)Ljava/lang/Class; (7 bytes) @ 0x00007fa8751c9144 [0x00007fa8751c9040+0x104]
v  ~StubRoutines::call_stub
j  jogamp.newt.DisplayImpl.shutdownAll()V+189
j  jogamp.newt.DisplayImpl$1.run()V+6
j  com.jogamp.nativewindow.NativeWindowFactory.shutdown(Z)V+127
j  com.jogamp.nativewindow.NativeWindowFactory$2$1.run()V+1
j  java.lang.Thread.run()V+11
v  ~StubRoutines::call_stub

---------------  P R O C E S S  ---------------

Java Threads: ( => current thread )
  0x00007fa848001000 JavaThread "SIGTERM handler" daemon [_thread_new, id=18584, stack(0x0000000000000000,0x0000000000000000)]
  0x00007fa820145800 JavaThread "XToolkt-Shutdown-Thread" [_thread_blocked, id=18581, stack(0x00007fa7f777d000,0x00007fa7f787e000)]
  0x00007fa82001e800 JavaThread "Thread-11" [_thread_blocked, id=18579, stack(0x00007fa800e57000,0x00007fa800f58000)]
=>0x00007fa820027800 JavaThread "NativeWindowFactory_ShutdownHook" [_thread_in_native, id=18578, stack(0x00007fa801159000,0x00007fa80125a000)]
  0x00007fa7d01e9000 JavaThread "TimerQueue" daemon [_thread_blocked, id=18372, stack(0x00007fa7f7c7e000,0x00007fa7f7d7f000)]
  0x00007fa81c02e800 JavaThread "Thread-9" [_thread_blocked, id=18356, stack(0x00007fa8195c2000,0x00007fa8196c3000)]
  0x00007fa80c16c000 JavaThread "Thread-10" [_thread_in_native, id=18354, stack(0x00007fa80145a000,0x00007fa80155b000)]
  0x00007fa80c165800 JavaThread "UDPInput" [_thread_in_native, id=18353, stack(0x00007fa81808d000,0x00007fa81818e000)]
  0x00007fa80c15a800 JavaThread "Java Sound MidiInDevice Thread" [_thread_blocked, id=18352, stack(0x00007fa818ab0000,0x00007fa818bb1000)]
  0x00007fa80c149000 JavaThread "Thread-7" [_thread_blocked, id=18351, stack(0x00007fa818bb1000,0x00007fa818cb2000)]
  0x00007fa80c100800 JavaThread "Java Sound Event Dispatcher" daemon [_thread_blocked, id=18345, stack(0x00007fa86408e000,0x00007fa86418f000)]
  0x00007fa80c0de000 JavaThread "main-FPSAWTAnimator#00-Timer0-FPSAWTAnimator#00-Timer1" [_thread_blocked, id=18334, stack(0x00007fa82f4e3000,0x00007fa82f5e4000)]
  0x00007fa884009800 JavaThread "DestroyJavaVM" [_thread_blocked, id=18297, stack(0x00007fa88c094000,0x00007fa88c195000)]
  0x00007fa88450b800 JavaThread "Thread-2" [_thread_blocked, id=18328, stack(0x00007fa8196c3000,0x00007fa8197c4000)]
  0x00007fa884505000 JavaThread "main-SharedResourceRunner" daemon [_thread_blocked, id=18327, stack(0x00007fa82c0fb000,0x00007fa82c1fc000)]
  0x00007fa8844e7000 JavaThread "main-SharedResourceRunner" daemon [_thread_blocked, id=18326, stack(0x00007fa82ca4f000,0x00007fa82cb50000)]
  0x00007fa88449f800 JavaThread "main-Display-.x11_:1-1-EDT-1" daemon [_thread_blocked, id=18325, stack(0x00007fa82ed1a000,0x00007fa82ee1b000)]
  0x00007fa884338000 JavaThread "AWT-XAWT" daemon [_thread_in_native, id=18316, stack(0x00007fa864ab2000,0x00007fa864bb3000)]
  0x00007fa884315000 JavaThread "Java2D Disposer" daemon [_thread_blocked, id=18315, stack(0x00007fa864fc3000,0x00007fa8650c4000)]
  0x00007fa884190800 JavaThread "Service Thread" daemon [_thread_blocked, id=18313, stack(0x00007fa866d17000,0x00007fa866e18000)]
  0x00007fa884185000 JavaThread "C1 CompilerThread2" daemon [_thread_blocked, id=18312, stack(0x00007fa866e18000,0x00007fa866f19000)]
  0x00007fa884183800 JavaThread "C2 CompilerThread1" daemon [_thread_blocked, id=18311, stack(0x00007fa866f19000,0x00007fa86701a000)]
  0x00007fa884180800 JavaThread "C2 CompilerThread0" daemon [_thread_blocked, id=18310, stack(0x00007fa86701a000,0x00007fa86711b000)]
  0x00007fa88417f000 JavaThread "Signal Dispatcher" daemon [_thread_blocked, id=18309, stack(0x00007fa86711b000,0x00007fa86721c000)]
  0x00007fa88414b000 JavaThread "Finalizer" daemon [_thread_blocked, id=18308, stack(0x00007fa8674f5000,0x00007fa8675f6000)]
  0x00007fa884146000 JavaThread "Reference Handler" daemon [_thread_blocked, id=18307, stack(0x00007fa8675f6000,0x00007fa8676f7000)]

Other Threads:
  0x00007fa88413e800 VMThread [stack: 0x00007fa8676f7000,0x00007fa8677f8000] [id=18306]
  0x00007fa884193000 WatcherThread [stack: 0x00007fa866c16000,0x00007fa866d17000] [id=18314]

VM state:not at safepoint (normal execution)

VM Mutex/Monitor currently owned by a thread: None

Heap:
 PSYoungGen      total 37376K, used 24569K [0x00000000d7380000, 0x00000000d9e80000, 0x0000000100000000)
  eden space 36864K, 66% used [0x00000000d7380000,0x00000000d8b76678,0x00000000d9780000)
  from space 512K, 6% used [0x00000000d9e00000,0x00000000d9e08000,0x00000000d9e80000)
  to   space 1024K, 0% used [0x00000000d9c80000,0x00000000d9c80000,0x00000000d9d80000)
 ParOldGen       total 59904K, used 9784K [0x0000000085a00000, 0x0000000089480000, 0x00000000d7380000)
  object space 59904K, 16% used [0x0000000085a00000,0x000000008638e0f8,0x0000000089480000)
 Metaspace       used 29145K, capacity 29558K, committed 29824K, reserved 1075200K
  class space    used 3034K, capacity 3148K, committed 3200K, reserved 1048576K

Card table byte_map: [0x00007fa888a7e000,0x00007fa888e52000] byte_map_base: 0x00007fa888651000

Marking Bits: (ParMarkBitMap*) 0x00007fa88b56fd60
 Begin Bits: [0x00007fa86c2d0000, 0x00007fa86e168000)
 End Bits:   [0x00007fa86e168000, 0x00007fa870000000)

Polling page: 0x00007fa88c1be000

CodeCache: size=245760Kb used=10291Kb max_used=11118Kb free=235468Kb
 bounds [0x00007fa875000000, 0x00007fa875b80000, 0x00007fa884000000]
 total_blobs=4047 nmethods=2954 adapters=1005
 compilation: enabled

Compilation events (10 events):
Event: 321,873 Thread 0x00007fa884185000 3583       3       com.jogamp.newt.event.InputEvent::getButtonDownCount (11 bytes)
Event: 321,873 Thread 0x00007fa884185000 nmethod 3583 0x00007fa875572bd0 code [0x00007fa875572d40, 0x00007fa875572ec8]
Event: 321,894 Thread 0x00007fa884185000 3584       3       processing.opengl.PSurfaceJOGL$NEWTMouseListener::mouseMoved (10 bytes)
Event: 321,894 Thread 0x00007fa884185000 nmethod 3584 0x00007fa875147990 code [0x00007fa875147b00, 0x00007fa875147ca8]
Event: 321,910 Thread 0x00007fa884185000 3585       3       processing.core.PApplet::mouseMoved (5 bytes)
Event: 321,910 Thread 0x00007fa884185000 nmethod 3585 0x00007fa8755fbe90 code [0x00007fa8755fc000, 0x00007fa8755fc230]
Event: 321,925 Thread 0x00007fa884183800 3586       4       mashine.UI$SortByFocus::compare (13 bytes)
Event: 321,931 Thread 0x00007fa884183800 nmethod 3586 0x00007fa87511b790 code [0x00007fa87511b920, 0x00007fa87511bc48]
Event: 321,931 Thread 0x00007fa884180800 3587       4       mashine.UI$SortByFocus::compare (63 bytes)
Event: 321,935 Thread 0x00007fa884180800 nmethod 3587 0x00007fa87550a250 code [0x00007fa87550a3e0, 0x00007fa87550a688]

GC Heap History (10 events):
Event: 306,806 GC heap before
{Heap before GC invocations=55 (full 1):
 PSYoungGen      total 40960K, used 39520K [0x00000000d7380000, 0x00000000da000000, 0x0000000100000000)
  eden space 39424K, 100% used [0x00000000d7380000,0x00000000d9a00000,0x00000000d9a00000)
  from space 1536K, 6% used [0x00000000d9d00000,0x00000000d9d18000,0x00000000d9e80000)
  to   space 1024K, 0% used [0x00000000d9f00000,0x00000000d9f00000,0x00000000da000000)
 ParOldGen       total 59904K, used 9784K [0x0000000085a00000, 0x0000000089480000, 0x00000000d7380000)
  object space 59904K, 16% used [0x0000000085a00000,0x000000008638e0f8,0x0000000089480000)
 Metaspace       used 29103K, capacity 29398K, committed 29824K, reserved 1075200K
  class space    used 3032K, capacity 3116K, committed 3200K, reserved 1048576K
Event: 306,810 GC heap after
Heap after GC invocations=55 (full 1):
 PSYoungGen      total 39424K, used 64K [0x00000000d7380000, 0x00000000d9f80000, 0x0000000100000000)
  eden space 38912K, 0% used [0x00000000d7380000,0x00000000d7380000,0x00000000d9980000)
  from space 512K, 12% used [0x00000000d9f00000,0x00000000d9f10000,0x00000000d9f80000)
  to   space 1024K, 0% used [0x00000000d9d80000,0x00000000d9d80000,0x00000000d9e80000)
 ParOldGen       total 59904K, used 9784K [0x0000000085a00000, 0x0000000089480000, 0x00000000d7380000)
  object space 59904K, 16% used [0x0000000085a00000,0x000000008638e0f8,0x0000000089480000)
 Metaspace       used 29103K, capacity 29398K, committed 29824K, reserved 1075200K
  class space    used 3032K, capacity 3116K, committed 3200K, reserved 1048576K
}
Event: 310,452 GC heap before
{Heap before GC invocations=56 (full 1):
 PSYoungGen      total 39424K, used 38976K [0x00000000d7380000, 0x00000000d9f80000, 0x0000000100000000)
  eden space 38912K, 100% used [0x00000000d7380000,0x00000000d9980000,0x00000000d9980000)
  from space 512K, 12% used [0x00000000d9f00000,0x00000000d9f10000,0x00000000d9f80000)
  to   space 1024K, 0% used [0x00000000d9d80000,0x00000000d9d80000,0x00000000d9e80000)
 ParOldGen       total 59904K, used 9784K [0x0000000085a00000, 0x0000000089480000, 0x00000000d7380000)
  object space 59904K, 16% used [0x0000000085a00000,0x000000008638e0f8,0x0000000089480000)
 Metaspace       used 29103K, capacity 29398K, committed 29824K, reserved 1075200K
  class space    used 3032K, capacity 3116K, committed 3200K, reserved 1048576K
Event: 310,454 GC heap after
Heap after GC invocations=56 (full 1):
 PSYoungGen      total 39424K, used 128K [0x00000000d7380000, 0x00000000d9f80000, 0x0000000100000000)
  eden space 38400K, 0% used [0x00000000d7380000,0x00000000d7380000,0x00000000d9900000)
  from space 1024K, 12% used [0x00000000d9d80000,0x00000000d9da0000,0x00000000d9e80000)
  to   space 1024K, 0% used [0x00000000d9e80000,0x00000000d9e80000,0x00000000d9f80000)
 ParOldGen       total 59904K, used 9784K [0x0000000085a00000, 0x0000000089480000, 0x00000000d7380000)
  object space 59904K, 16% used [0x0000000085a00000,0x000000008638e0f8,0x0000000089480000)
 Metaspace       used 29103K, capacity 29398K, committed 29824K, reserved 1075200K
  class space    used 3032K, capacity 3116K, committed 3200K, reserved 1048576K
}
Event: 314,088 GC heap before
{Heap before GC invocations=57 (full 1):
 PSYoungGen      total 39424K, used 38528K [0x00000000d7380000, 0x00000000d9f80000, 0x0000000100000000)
  eden space 38400K, 100% used [0x00000000d7380000,0x00000000d9900000,0x00000000d9900000)
  from space 1024K, 12% used [0x00000000d9d80000,0x00000000d9da0000,0x00000000d9e80000)
  to   space 1024K, 0% used [0x00000000d9e80000,0x00000000d9e80000,0x00000000d9f80000)
 ParOldGen       total 59904K, used 9784K [0x0000000085a00000, 0x0000000089480000, 0x00000000d7380000)
  object space 59904K, 16% used [0x0000000085a00000,0x000000008638e0f8,0x0000000089480000)
 Metaspace       used 29103K, capacity 29398K, committed 29824K, reserved 1075200K
  class space    used 3032K, capacity 3116K, committed 3200K, reserved 1048576K
Event: 314,090 GC heap after
Heap after GC invocations=57 (full 1):
 PSYoungGen      total 38400K, used 128K [0x00000000d7380000, 0x00000000d9f00000, 0x0000000100000000)
  eden space 37888K, 0% used [0x00000000d7380000,0x00000000d7380000,0x00000000d9880000)
  from space 512K, 25% used [0x00000000d9e80000,0x00000000d9ea0000,0x00000000d9f00000)
  to   space 1024K, 0% used [0x00000000d9d00000,0x00000000d9d00000,0x00000000d9e00000)
 ParOldGen       total 59904K, used 9784K [0x0000000085a00000, 0x0000000089480000, 0x00000000d7380000)
  object space 59904K, 16% used [0x0000000085a00000,0x000000008638e0f8,0x0000000089480000)
 Metaspace       used 29103K, capacity 29398K, committed 29824K, reserved 1075200K
  class space    used 3032K, capacity 3116K, committed 3200K, reserved 1048576K
}
Event: 317,687 GC heap before
{Heap before GC invocations=58 (full 1):
 PSYoungGen      total 38400K, used 38016K [0x00000000d7380000, 0x00000000d9f00000, 0x0000000100000000)
  eden space 37888K, 100% used [0x00000000d7380000,0x00000000d9880000,0x00000000d9880000)
  from space 512K, 25% used [0x00000000d9e80000,0x00000000d9ea0000,0x00000000d9f00000)
  to   space 1024K, 0% used [0x00000000d9d00000,0x00000000d9d00000,0x00000000d9e00000)
 ParOldGen       total 59904K, used 9784K [0x0000000085a00000, 0x0000000089480000, 0x00000000d7380000)
  object space 59904K, 16% used [0x0000000085a00000,0x000000008638e0f8,0x0000000089480000)
 Metaspace       used 29103K, capacity 29398K, committed 29824K, reserved 1075200K
  class space    used 3032K, capacity 3116K, committed 3200K, reserved 1048576K
Event: 317,690 GC heap after
Heap after GC invocations=58 (full 1):
 PSYoungGen      total 38400K, used 64K [0x00000000d7380000, 0x00000000d9f00000, 0x0000000100000000)
  eden space 37376K, 0% used [0x00000000d7380000,0x00000000d7380000,0x00000000d9800000)
  from space 1024K, 6% used [0x00000000d9d00000,0x00000000d9d10000,0x00000000d9e00000)
  to   space 1024K, 0% used [0x00000000d9e00000,0x00000000d9e00000,0x00000000d9f00000)
 ParOldGen       total 59904K, used 9784K [0x0000000085a00000, 0x0000000089480000, 0x00000000d7380000)
  object space 59904K, 16% used [0x0000000085a00000,0x000000008638e0f8,0x0000000089480000)
 Metaspace       used 29103K, capacity 29398K, committed 29824K, reserved 1075200K
  class space    used 3032K, capacity 3116K, committed 3200K, reserved 1048576K
}
Event: 321,192 GC heap before
{Heap before GC invocations=59 (full 1):
 PSYoungGen      total 38400K, used 37440K [0x00000000d7380000, 0x00000000d9f00000, 0x0000000100000000)
  eden space 37376K, 100% used [0x00000000d7380000,0x00000000d9800000,0x00000000d9800000)
  from space 1024K, 6% used [0x00000000d9d00000,0x00000000d9d10000,0x00000000d9e00000)
  to   space 1024K, 0% used [0x00000000d9e00000,0x00000000d9e00000,0x00000000d9f00000)
 ParOldGen       total 59904K, used 9784K [0x0000000085a00000, 0x0000000089480000, 0x00000000d7380000)
  object space 59904K, 16% used [0x0000000085a00000,0x000000008638e0f8,0x0000000089480000)
 Metaspace       used 29104K, capacity 29398K, committed 29824K, reserved 1075200K
  class space    used 3032K, capacity 3116K, committed 3200K, reserved 1048576K
Event: 321,196 GC heap after
Heap after GC invocations=59 (full 1):
 PSYoungGen      total 37376K, used 32K [0x00000000d7380000, 0x00000000d9e80000, 0x0000000100000000)
  eden space 36864K, 0% used [0x00000000d7380000,0x00000000d7380000,0x00000000d9780000)
  from space 512K, 6% used [0x00000000d9e00000,0x00000000d9e08000,0x00000000d9e80000)
  to   space 1024K, 0% used [0x00000000d9c80000,0x00000000d9c80000,0x00000000d9d80000)
 ParOldGen       total 59904K, used 9784K [0x0000000085a00000, 0x0000000089480000, 0x00000000d7380000)
  object space 59904K, 16% used [0x0000000085a00000,0x000000008638e0f8,0x0000000089480000)
 Metaspace       used 29104K, capacity 29398K, committed 29824K, reserved 1075200K
  class space    used 3032K, capacity 3116K, committed 3200K, reserved 1048576K
}

Deoptimization events (10 events):
Event: 318,890 Thread 0x00007fa80c0de000 Uncommon trap: reason=unstable_if action=reinterpret pc=0x00007fa8753e7828 method=mashine.UI.draw()V @ 188
Event: 318,905 Thread 0x00007fa80c0de000 Uncommon trap: reason=unstable_if action=reinterpret pc=0x00007fa875524d40 method=mashine.ui.boxes.SceneView.drawContent()V @ 227
Event: 318,908 Thread 0x00007fa80c0de000 Uncommon trap: reason=unstable_if action=reinterpret pc=0x00007fa875682d58 method=mashine.UI.draw()V @ 188
Event: 319,291 Thread 0x00007fa80c0de000 Uncommon trap: reason=unstable_if action=reinterpret pc=0x00007fa8751a1448 method=mashine.UI$SortByFocus.compare(Lmashine/ui/Focusable;Lmashine/ui/Focusable;)I @ 50
Event: 319,291 Thread 0x00007fa80c0de000 Uncommon trap: reason=unstable_if action=reinterpret pc=0x00007fa875868f28 method=mashine.UI$SortByFocus.compare(Lmashine/ui/Focusable;Lmashine/ui/Focusable;)I @ 50
Event: 319,291 Thread 0x00007fa80c0de000 Uncommon trap: reason=unstable_if action=reinterpret pc=0x00007fa875ae22f4 method=java.util.TimSort.mergeCollapse()V @ 5
Event: 319,291 Thread 0x00007fa80c0de000 Uncommon trap: reason=unstable_if action=reinterpret pc=0x00007fa875502fa4 method=mashine.ui.UIBox.drawContent()V @ 155
Event: 319,475 Thread 0x00007fa80c0de000 Uncommon trap: reason=unstable_if action=reinterpret pc=0x00007fa8753c6dd8 method=mashine.inputs.MouseInputs.tick()V @ 62
Event: 323,325 Thread 0x00007fa80c0de000 Uncommon trap: reason=unstable_if action=reinterpret pc=0x00007fa87555e938 method=com.jogamp.opengl.util.FPSAnimator$MainTask.run()V @ 199
Event: 323,325 Thread 0x00007fa80c0de000 Uncommon trap: reason=unstable_if action=reinterpret pc=0x00007fa87550b0f0 method=java.util.TaskQueue.isEmpty()Z @ 4

Internal exceptions (10 events):
Event: 8,141 Thread 0x00007fa81c5a6000 Exception <a 'java/lang/NoSuchMethodError': <clinit>> (0x00000000d7c6ed80) thrown at [/HUDSON/workspace/8-2-build-linux-amd64/jdk8u91/6644/hotspot/src/share/vm/prims/jni.cpp, line 1613]
Event: 8,142 Thread 0x00007fa81c5a6000 Exception <a 'java/lang/NoSuchMethodError': <clinit>> (0x00000000d7cf2ed8) thrown at [/HUDSON/workspace/8-2-build-linux-amd64/jdk8u91/6644/hotspot/src/share/vm/prims/jni.cpp, line 1613]
Event: 8,145 Thread 0x00007fa81c5a6000 Exception <a 'java/lang/NoSuchMethodError': <clinit>> (0x00000000d7cff4e0) thrown at [/HUDSON/workspace/8-2-build-linux-amd64/jdk8u91/6644/hotspot/src/share/vm/prims/jni.cpp, line 1613]
Event: 8,146 Thread 0x00007fa81c5a6000 Exception <a 'java/lang/NoSuchMethodError': <clinit>> (0x00000000d7d09780) thrown at [/HUDSON/workspace/8-2-build-linux-amd64/jdk8u91/6644/hotspot/src/share/vm/prims/jni.cpp, line 1613]
Event: 8,147 Thread 0x00007fa81c5a6000 Exception <a 'java/lang/NoSuchMethodError': <clinit>> (0x00000000d7d13ce0) thrown at [/HUDSON/workspace/8-2-build-linux-amd64/jdk8u91/6644/hotspot/src/share/vm/prims/jni.cpp, line 1613]
Event: 8,149 Thread 0x00007fa81c5a6000 Exception <a 'java/lang/NoSuchMethodError': <clinit>> (0x00000000d7d1e4c0) thrown at [/HUDSON/workspace/8-2-build-linux-amd64/jdk8u91/6644/hotspot/src/share/vm/prims/jni.cpp, line 1613]
Event: 8,150 Thread 0x00007fa81c5a6000 Exception <a 'java/lang/NoSuchMethodError': <clinit>> (0x00000000d7d28bd8) thrown at [/HUDSON/workspace/8-2-build-linux-amd64/jdk8u91/6644/hotspot/src/share/vm/prims/jni.cpp, line 1613]
Event: 8,151 Thread 0x00007fa81c5a6000 Exception <a 'java/lang/NoSuchMethodError': <clinit>> (0x00000000d7d33048) thrown at [/HUDSON/workspace/8-2-build-linux-amd64/jdk8u91/6644/hotspot/src/share/vm/prims/jni.cpp, line 1613]
Event: 8,152 Thread 0x00007fa81c5a6000 Exception <a 'java/lang/NoSuchMethodError': <clinit>> (0x00000000d7d3db58) thrown at [/HUDSON/workspace/8-2-build-linux-amd64/jdk8u91/6644/hotspot/src/share/vm/prims/jni.cpp, line 1613]
Event: 8,163 Thread 0x00007fa81c5a6000 Exception <a 'java/lang/NoSuchMethodError': <clinit>> (0x00000000d7d5d890) thrown at [/HUDSON/workspace/8-2-build-linux-amd64/jdk8u91/6644/hotspot/src/share/vm/prims/jni.cpp, line 1613]

Events (10 events):
Event: 323,325 Thread 0x00007fa80c0de000 Uncommon trap: trap_request=0xffffff65 fr.pc=0x00007fa87555e938
Event: 323,325 Thread 0x00007fa80c0de000 DEOPT PACKING pc=0x00007fa87555e938 sp=0x00007fa82f5e2870
Event: 323,325 Thread 0x00007fa80c0de000 DEOPT UNPACKING pc=0x00007fa875005229 sp=0x00007fa82f5e2880 mode 2
Event: 323,325 Thread 0x00007fa80c0de000 Uncommon trap: trap_request=0xffffff65 fr.pc=0x00007fa87550b0f0
Event: 323,325 Thread 0x00007fa80c0de000 DEOPT PACKING pc=0x00007fa87550b0f0 sp=0x00007fa82f5e28f0
Event: 323,325 Thread 0x00007fa80c0de000 DEOPT UNPACKING pc=0x00007fa875005229 sp=0x00007fa82f5e28a8 mode 2
Event: 323,325 Thread 0x00007fa820027800 Thread added: 0x00007fa820027800
Event: 323,326 Thread 0x00007fa82001e800 Thread added: 0x00007fa82001e800
Event: 323,326 loading class jogamp/newt/DisplayImpl$6
Event: 323,326 loading class jogamp/newt/DisplayImpl$6 done


Dynamic libraries:
00400000-00401000 r-xp 00000000 103:0a 133501                            /usr/lib/jvm/java-8-oracle/jre/bin/java
00600000-00601000 rw-p 00000000 103:0a 133501                            /usr/lib/jvm/java-8-oracle/jre/bin/java
00ba1000-00bc2000 rw-p 00000000 00:00 0                                  [heap]
85a00000-89480000 rw-p 00000000 00:00 0 
89480000-d7380000 ---p 00000000 00:00 0 
d7380000-d9e80000 rw-p 00000000 00:00 0 
d9e80000-100000000 ---p 00000000 00:00 0 
100000000-100320000 rw-p 00000000 00:00 0 
100320000-140000000 ---p 00000000 00:00 0 
7fa7c7fff000-7fa7cc000000 r--s 00000000 00:15 8                          /dev/shm/pulse-shm-1336135164
7fa7cc000000-7fa7cc021000 rw-p 00000000 00:00 0 
7fa7cc021000-7fa7d0000000 ---p 00000000 00:00 0 
7fa7d0000000-7fa7d01fb000 rw-p 00000000 00:00 0 
7fa7d01fb000-7fa7d4000000 ---p 00000000 00:00 0 
7fa7d4000000-7fa7d428c000 rw-p 00000000 00:00 0 
7fa7d428c000-7fa7d8000000 ---p 00000000 00:00 0 
7fa7d8000000-7fa7d8021000 rw-p 00000000 00:00 0 
7fa7d8021000-7fa7dc000000 ---p 00000000 00:00 0 
7fa7dc000000-7fa7dc021000 rw-p 00000000 00:00 0 
7fa7dc021000-7fa7e0000000 ---p 00000000 00:00 0 
7fa7e2ffd000-7fa7e2ffe000 ---p 00000000 00:00 0 
7fa7e2ffe000-7fa7e37fe000 rw-p 00000000 00:00 0 
7fa7e37fe000-7fa7e37ff000 ---p 00000000 00:00 0 
7fa7e37ff000-7fa7e3fff000 rw-p 00000000 00:00 0 
7fa7e3fff000-7fa7e8000000 rw-s 00000000 00:15 9                          /dev/shm/pulse-shm-1703645660
7fa7e8000000-7fa7e8021000 rw-p 00000000 00:00 0 
7fa7e8021000-7fa7ec000000 ---p 00000000 00:00 0 
7fa7ec2de000-7fa7ec2df000 ---p 00000000 00:00 0 
7fa7ec2df000-7fa7ecadf000 rw-p 00000000 00:00 0 
7fa7ecadf000-7fa7ecaea000 r-xp 00000000 103:0a 268964                    /usr/lib/x86_64-linux-gnu/gio/modules/libdconfsettings.so
7fa7ecaea000-7fa7eccea000 ---p 0000b000 103:0a 268964                    /usr/lib/x86_64-linux-gnu/gio/modules/libdconfsettings.so
7fa7eccea000-7fa7ecceb000 r--p 0000b000 103:0a 268964                    /usr/lib/x86_64-linux-gnu/gio/modules/libdconfsettings.so
7fa7ecceb000-7fa7eccec000 rw-p 0000c000 103:0a 268964                    /usr/lib/x86_64-linux-gnu/gio/modules/libdconfsettings.so
7fa7eccec000-7fa7ecdfb000 r-xp 00000000 103:05 1051526                   /lib/x86_64-linux-gnu/libglib-2.0.so.0.4800.2
7fa7ecdfb000-7fa7ecffa000 ---p 0010f000 103:05 1051526                   /lib/x86_64-linux-gnu/libglib-2.0.so.0.4800.2
7fa7ecffa000-7fa7ecffb000 r--p 0010e000 103:05 1051526                   /lib/x86_64-linux-gnu/libglib-2.0.so.0.4800.2
7fa7ecffb000-7fa7ecffc000 rw-p 0010f000 103:05 1051526                   /lib/x86_64-linux-gnu/libglib-2.0.so.0.4800.2
7fa7ecffc000-7fa7ecffd000 rw-p 00000000 00:00 0 
7fa7ecffd000-7fa7ee7fd000 rw-s 00000000 00:05 290078                     /drm mm object (deleted)
7fa7ee7fd000-7fa7efffd000 rw-s 00000000 00:05 290071                     /drm mm object (deleted)
7fa7efffd000-7fa7f3ffe000 rw-s 00000000 00:15 78                         /dev/shm/pulse-shm-2021919452
7fa7f767c000-7fa7f767f000 ---p 00000000 00:00 0 
7fa7f767f000-7fa7f777d000 rw-p 00000000 00:00 0 
7fa7f777d000-7fa7f7780000 ---p 00000000 00:00 0 
7fa7f7780000-7fa7f7a7e000 rw-p 00000000 00:00 0 
7fa7f7a7e000-7fa7f7c7e000 rw-p 00000000 00:00 0 
7fa7f7c7e000-7fa7f7c81000 ---p 00000000 00:00 0 
7fa7f7c81000-7fa7f7d7f000 rw-p 00000000 00:00 0 
7fa7f7d7f000-7fa7f7de8000 r-xp 00000000 103:0a 133784                    /usr/lib/jvm/java-8-oracle/jre/lib/amd64/libt2k.so
7fa7f7de8000-7fa7f7fe8000 ---p 00069000 103:0a 133784                    /usr/lib/jvm/java-8-oracle/jre/lib/amd64/libt2k.so
7fa7f7fe8000-7fa7f7fef000 rw-p 00069000 103:0a 133784                    /usr/lib/jvm/java-8-oracle/jre/lib/amd64/libt2k.so
7fa7f7fef000-7fa7f7fff000 rw-p 00000000 00:00 0 
7fa7f7fff000-7fa7fc000000 rw-s 00000000 00:15 9                          /dev/shm/pulse-shm-1703645660
7fa7fc000000-7fa7fc021000 rw-p 00000000 00:00 0 
7fa7fc021000-7fa800000000 ---p 00000000 00:00 0 
7fa800073000-7fa800077000 r-xp 00000000 103:0a 268962                    /usr/lib/x86_64-linux-gnu/gio/modules/libgiognomeproxy.so
7fa800077000-7fa800276000 ---p 00004000 103:0a 268962                    /usr/lib/x86_64-linux-gnu/gio/modules/libgiognomeproxy.so
7fa800276000-7fa800277000 r--p 00003000 103:0a 268962                    /usr/lib/x86_64-linux-gnu/gio/modules/libgiognomeproxy.so
7fa800277000-7fa800278000 rw-p 00004000 103:0a 268962                    /usr/lib/x86_64-linux-gnu/gio/modules/libgiognomeproxy.so
7fa800278000-7fa80027b000 r-xp 00000000 103:0a 263253                    /usr/lib/x86_64-linux-gnu/libgmodule-2.0.so.0.4800.2
7fa80027b000-7fa80047a000 ---p 00003000 103:0a 263253                    /usr/lib/x86_64-linux-gnu/libgmodule-2.0.so.0.4800.2
7fa80047a000-7fa80047b000 r--p 00002000 103:0a 263253                    /usr/lib/x86_64-linux-gnu/libgmodule-2.0.so.0.4800.2
7fa80047b000-7fa80047c000 rw-p 00003000 103:0a 263253                    /usr/lib/x86_64-linux-gnu/libgmodule-2.0.so.0.4800.2
7fa80047c000-7fa8004ce000 r-xp 00000000 103:0a 263273                    /usr/lib/x86_64-linux-gnu/libgobject-2.0.so.0.4800.2
7fa8004ce000-7fa8006cd000 ---p 00052000 103:0a 263273                    /usr/lib/x86_64-linux-gnu/libgobject-2.0.so.0.4800.2
7fa8006cd000-7fa8006ce000 r--p 00051000 103:0a 263273                    /usr/lib/x86_64-linux-gnu/libgobject-2.0.so.0.4800.2
7fa8006ce000-7fa8006cf000 rw-p 00052000 103:0a 263273                    /usr/lib/x86_64-linux-gnu/libgobject-2.0.so.0.4800.2
7fa8006cf000-7fa80084f000 r-xp 00000000 103:0a 263275                    /usr/lib/x86_64-linux-gnu/libgio-2.0.so.0.4800.2
7fa80084f000-7fa800a4f000 ---p 00180000 103:0a 263275                    /usr/lib/x86_64-linux-gnu/libgio-2.0.so.0.4800.2
7fa800a4f000-7fa800a53000 r--p 00180000 103:0a 263275                    /usr/lib/x86_64-linux-gnu/libgio-2.0.so.0.4800.2
7fa800a53000-7fa800a55000 rw-p 00184000 103:0a 263275                    /usr/lib/x86_64-linux-gnu/libgio-2.0.so.0.4800.2
7fa800a55000-7fa800c57000 rw-p 00000000 00:00 0 
7fa800c57000-7fa800e57000 rw-p 00000000 00:00 0 
7fa800e57000-7fa800e5a000 ---p 00000000 00:00 0 
7fa800e5a000-7fa800f58000 rw-p 00000000 00:00 0 
7fa800f58000-7fa800f5b000 ---p 00000000 00:00 0 
7fa800f5b000-7fa801059000 rw-p 00000000 00:00 0 
7fa801059000-7fa801159000 rw-s 00000000 00:05 290039                     /drm mm object (deleted)
7fa801159000-7fa80115c000 ---p 00000000 00:00 0 
7fa80115c000-7fa80145a000 rw-p 00000000 00:00 0 
7fa80145a000-7fa80145d000 ---p 00000000 00:00 0 
7fa80145d000-7fa80155b000 rw-p 00000000 00:00 0 
7fa80155b000-7fa80155c000 ---p 00000000 00:00 0 
7fa80155c000-7fa801d5c000 rw-p 00000000 00:00 0 
7fa801d5c000-7fa801d5d000 ---p 00000000 00:00 0 
7fa801d5d000-7fa80255d000 rw-p 00000000 00:00 0 
7fa80255d000-7fa80655e000 rw-s 00000000 00:15 65                         /dev/shm/pulse-shm-1536357558
7fa80655e000-7fa806564000 r-xp 00000000 103:0a 267977                    /usr/lib/x86_64-linux-gnu/alsa-lib/libasound_module_pcm_pulse.so
7fa806564000-7fa806763000 ---p 00006000 103:0a 267977                    /usr/lib/x86_64-linux-gnu/alsa-lib/libasound_module_pcm_pulse.so
7fa806763000-7fa806764000 r--p 00005000 103:0a 267977                    /usr/lib/x86_64-linux-gnu/alsa-lib/libasound_module_pcm_pulse.so
7fa806764000-7fa806765000 rw-p 00006000 103:0a 267977                    /usr/lib/x86_64-linux-gnu/alsa-lib/libasound_module_pcm_pulse.so
7fa806765000-7fa80678f000 r-xp 00000000 103:0a 264917                    /usr/lib/x86_64-linux-gnu/libvorbis.so.0.4.8
7fa80678f000-7fa80698f000 ---p 0002a000 103:0a 264917                    /usr/lib/x86_64-linux-gnu/libvorbis.so.0.4.8
7fa80698f000-7fa806990000 r--p 0002a000 103:0a 264917                    /usr/lib/x86_64-linux-gnu/libvorbis.so.0.4.8
7fa806990000-7fa806991000 rw-p 0002b000 103:0a 264917                    /usr/lib/x86_64-linux-gnu/libvorbis.so.0.4.8
7fa806991000-7fa806998000 r-xp 00000000 103:0a 265707                    /usr/lib/x86_64-linux-gnu/libogg.so.0.8.2
7fa806998000-7fa806b98000 ---p 00007000 103:0a 265707                    /usr/lib/x86_64-linux-gnu/libogg.so.0.8.2
7fa806b98000-7fa806b99000 r--p 00007000 103:0a 265707                    /usr/lib/x86_64-linux-gnu/libogg.so.0.8.2
7fa806b99000-7fa806b9a000 rw-p 00008000 103:0a 265707                    /usr/lib/x86_64-linux-gnu/libogg.so.0.8.2
7fa806b9a000-7fa806c08000 r-xp 00000000 103:05 1055348                   /lib/x86_64-linux-gnu/libpcre.so.3.13.2
7fa806c08000-7fa806e08000 ---p 0006e000 103:05 1055348                   /lib/x86_64-linux-gnu/libpcre.so.3.13.2
7fa806e08000-7fa806e09000 r--p 0006e000 103:05 1055348                   /lib/x86_64-linux-gnu/libpcre.so.3.13.2
7fa806e09000-7fa806e0a000 rw-p 0006f000 103:05 1055348                   /lib/x86_64-linux-gnu/libpcre.so.3.13.2
7fa806e0a000-7fa806e21000 r-xp 00000000 103:05 1052253                   /lib/x86_64-linux-gnu/libresolv-2.23.so
7fa806e21000-7fa807021000 ---p 00017000 103:05 1052253                   /lib/x86_64-linux-gnu/libresolv-2.23.so
7fa807021000-7fa807022000 r--p 00017000 103:05 1052253                   /lib/x86_64-linux-gnu/libresolv-2.23.so
7fa807022000-7fa807023000 rw-p 00018000 103:05 1052253                   /lib/x86_64-linux-gnu/libresolv-2.23.so
7fa807023000-7fa807025000 rw-p 00000000 00:00 0 
7fa807025000-7fa8070b2000 r-xp 00000000 103:0a 264512                    /usr/lib/x86_64-linux-gnu/libvorbisenc.so.2.0.11
7fa8070b2000-7fa8072b1000 ---p 0008d000 103:0a 264512                    /usr/lib/x86_64-linux-gnu/libvorbisenc.so.2.0.11
7fa8072b1000-7fa8072cd000 r--p 0008c000 103:0a 264512                    /usr/lib/x86_64-linux-gnu/libvorbisenc.so.2.0.11
7fa8072cd000-7fa8072ce000 rw-p 000a8000 103:0a 264512                    /usr/lib/x86_64-linux-gnu/libvorbisenc.so.2.0.11
7fa8072ce000-7fa807341000 r-xp 00000000 103:0a 265441                    /usr/lib/x86_64-linux-gnu/libFLAC.so.8.3.0
7fa807341000-7fa807541000 ---p 00073000 103:0a 265441                    /usr/lib/x86_64-linux-gnu/libFLAC.so.8.3.0
7fa807541000-7fa807542000 r--p 00073000 103:0a 265441                    /usr/lib/x86_64-linux-gnu/libFLAC.so.8.3.0
7fa807542000-7fa807543000 rw-p 00074000 103:0a 265441                    /usr/lib/x86_64-linux-gnu/libFLAC.so.8.3.0
7fa807543000-7fa807564000 r-xp 00000000 103:05 1055205                   /lib/x86_64-linux-gnu/liblzma.so.5.0.0
7fa807564000-7fa807763000 ---p 00021000 103:05 1055205                   /lib/x86_64-linux-gnu/liblzma.so.5.0.0
7fa807763000-7fa807764000 r--p 00020000 103:05 1055205                   /lib/x86_64-linux-gnu/liblzma.so.5.0.0
7fa807764000-7fa807765000 rw-p 00021000 103:05 1055205                   /lib/x86_64-linux-gnu/liblzma.so.5.0.0
7fa807765000-7fa807784000 r-xp 00000000 103:05 1055135                   /lib/x86_64-linux-gnu/libselinux.so.1
7fa807784000-7fa807983000 ---p 0001f000 103:05 1055135                   /lib/x86_64-linux-gnu/libselinux.so.1
7fa807983000-7fa807984000 r--p 0001e000 103:05 1055135                   /lib/x86_64-linux-gnu/libselinux.so.1
7fa807984000-7fa807985000 rw-p 0001f000 103:05 1055135                   /lib/x86_64-linux-gnu/libselinux.so.1
7fa807985000-7fa807987000 rw-p 00000000 00:00 0 
7fa807987000-7fa80798c000 r-xp 00000000 103:0a 265540                    /usr/lib/x86_64-linux-gnu/libasyncns.so.0.3.1
7fa80798c000-7fa807b8b000 ---p 00005000 103:0a 265540                    /usr/lib/x86_64-linux-gnu/libasyncns.so.0.3.1
7fa807b8b000-7fa807b8c000 r--p 00004000 103:0a 265540                    /usr/lib/x86_64-linux-gnu/libasyncns.so.0.3.1
7fa807b8c000-7fa807b8d000 rw-p 00005000 103:0a 265540                    /usr/lib/x86_64-linux-gnu/libasyncns.so.0.3.1
7fa807b8d000-7fa807bef000 r-xp 00000000 103:0a 265234                    /usr/lib/x86_64-linux-gnu/libsndfile.so.1.0.25
7fa807bef000-7fa807def000 ---p 00062000 103:0a 265234                    /usr/lib/x86_64-linux-gnu/libsndfile.so.1.0.25
7fa807def000-7fa807df1000 r--p 00062000 103:0a 265234                    /usr/lib/x86_64-linux-gnu/libsndfile.so.1.0.25
7fa807df1000-7fa807df2000 rw-p 00064000 103:0a 265234                    /usr/lib/x86_64-linux-gnu/libsndfile.so.1.0.25
7fa807df2000-7fa807df6000 rw-p 00000000 00:00 0 
7fa807df6000-7fa807dfe000 r-xp 00000000 103:05 1055322                   /lib/x86_64-linux-gnu/libwrap.so.0.7.6
7fa807dfe000-7fa807ffd000 ---p 00008000 103:05 1055322                   /lib/x86_64-linux-gnu/libwrap.so.0.7.6
7fa807ffd000-7fa807ffe000 r--p 00007000 103:05 1055322                   /lib/x86_64-linux-gnu/libwrap.so.0.7.6
7fa807ffe000-7fa807fff000 rw-p 00008000 103:05 1055322                   /lib/x86_64-linux-gnu/libwrap.so.0.7.6
7fa807fff000-7fa808000000 rw-p 00000000 00:00 0 
7fa808000000-7fa808021000 rw-p 00000000 00:00 0 
7fa808021000-7fa80c000000 ---p 00000000 00:00 0 
7fa80c000000-7fa80c1ea000 rw-p 00000000 00:00 0 
7fa80c1ea000-7fa810000000 ---p 00000000 00:00 0 
7fa810000000-7fa8117d0000 rw-p 00000000 00:00 0 
7fa8117d0000-7fa814000000 ---p 00000000 00:00 0 
7fa814000000-7fa816aa0000 rw-p 00000000 00:00 0 
7fa816aa0000-7fa818000000 ---p 00000000 00:00 0 
7fa818043000-7fa81808d000 r--p 00000000 103:0a 15053                     /usr/share/glib-2.0/schemas/gschemas.compiled
7fa81808d000-7fa818090000 ---p 00000000 00:00 0 
7fa818090000-7fa81818e000 rw-p 00000000 00:00 0 
7fa81818e000-7fa8181d8000 r-xp 00000000 103:05 1049486                   /lib/x86_64-linux-gnu/libdbus-1.so.3.14.6
7fa8181d8000-7fa8183d8000 ---p 0004a000 103:05 1049486                   /lib/x86_64-linux-gnu/libdbus-1.so.3.14.6
7fa8183d8000-7fa8183d9000 r--p 0004a000 103:05 1049486                   /lib/x86_64-linux-gnu/libdbus-1.so.3.14.6
7fa8183d9000-7fa8183da000 rw-p 0004b000 103:05 1049486                   /lib/x86_64-linux-gnu/libdbus-1.so.3.14.6
7fa8183da000-7fa818454000 r-xp 00000000 103:0a 392412                    /usr/lib/x86_64-linux-gnu/pulseaudio/libpulsecommon-8.0.so
7fa818454000-7fa818653000 ---p 0007a000 103:0a 392412                    /usr/lib/x86_64-linux-gnu/pulseaudio/libpulsecommon-8.0.so
7fa818653000-7fa818654000 r--p 00079000 103:0a 392412                    /usr/lib/x86_64-linux-gnu/pulseaudio/libpulsecommon-8.0.so
7fa818654000-7fa818655000 rw-p 0007a000 103:0a 392412                    /usr/lib/x86_64-linux-gnu/pulseaudio/libpulsecommon-8.0.so
7fa818655000-7fa81865f000 r-xp 00000000 103:05 1055198                   /lib/x86_64-linux-gnu/libjson-c.so.2.0.0
7fa81865f000-7fa81885e000 ---p 0000a000 103:05 1055198                   /lib/x86_64-linux-gnu/libjson-c.so.2.0.0
7fa81885e000-7fa81885f000 r--p 00009000 103:05 1055198                   /lib/x86_64-linux-gnu/libjson-c.so.2.0.0
7fa81885f000-7fa818860000 rw-p 0000a000 103:05 1055198                   /lib/x86_64-linux-gnu/libjson-c.so.2.0.0
7fa818860000-7fa8188ae000 r-xp 00000000 103:0a 262437                    /usr/lib/x86_64-linux-gnu/libpulse.so.0.19.0
7fa8188ae000-7fa818aae000 ---p 0004e000 103:0a 262437                    /usr/lib/x86_64-linux-gnu/libpulse.so.0.19.0
7fa818aae000-7fa818aaf000 r--p 0004e000 103:0a 262437                    /usr/lib/x86_64-linux-gnu/libpulse.so.0.19.0
7fa818aaf000-7fa818ab0000 rw-p 0004f000 103:0a 262437                    /usr/lib/x86_64-linux-gnu/libpulse.so.0.19.0
7fa818ab0000-7fa818ab3000 ---p 00000000 00:00 0 
7fa818ab3000-7fa818bb1000 rw-p 00000000 00:00 0 
7fa818bb1000-7fa818bb4000 ---p 00000000 00:00 0 
7fa818bb4000-7fa818cb2000 rw-p 00000000 00:00 0 
7fa818cb2000-7fa818dab000 r-xp 00000000 103:0a 264910                    /usr/lib/x86_64-linux-gnu/libasound.so.2.0.0
7fa818dab000-7fa818faa000 ---p 000f9000 103:0a 264910                    /usr/lib/x86_64-linux-gnu/libasound.so.2.0.0
7fa818faa000-7fa818fb1000 r--p 000f8000 103:0a 264910                    /usr/lib/x86_64-linux-gnu/libasound.so.2.0.0
7fa818fb1000-7fa818fb2000 rw-p 000ff000 103:0a 264910                    /usr/lib/x86_64-linux-gnu/libasound.so.2.0.0
7fa818fb2000-7fa818fc1000 r-xp 00000000 103:0a 133802                    /usr/lib/jvm/java-8-oracle/jre/lib/amd64/libjsoundalsa.so
7fa818fc1000-7fa8191c0000 ---p 0000f000 103:0a 133802                    /usr/lib/jvm/java-8-oracle/jre/lib/amd64/libjsoundalsa.so
7fa8191c0000-7fa8191c1000 rw-p 0000e000 103:0a 133802                    /usr/lib/jvm/java-8-oracle/jre/lib/amd64/libjsoundalsa.so
7fa8191c1000-7fa8191c2000 r-xp 00000000 103:0a 133805                    /usr/lib/jvm/java-8-oracle/jre/lib/amd64/libjsound.so
7fa8191c2000-7fa8193c1000 ---p 00001000 103:0a 133805                    /usr/lib/jvm/java-8-oracle/jre/lib/amd64/libjsound.so
7fa8193c1000-7fa8193c2000 rw-p 00000000 103:0a 133805                    /usr/lib/jvm/java-8-oracle/jre/lib/amd64/libjsound.so
7fa8193c2000-7fa8195c2000 rw-s 111f87000 00:06 259                       /dev/dri/card0
7fa8195c2000-7fa8195c5000 ---p 00000000 00:00 0 
7fa8195c5000-7fa8196c3000 rw-p 00000000 00:00 0 
7fa8196c3000-7fa8196c6000 ---p 00000000 00:00 0 
7fa8196c6000-7fa8199c4000 rw-p 00000000 00:00 0 
7fa8199c4000-7fa8199fb000 r-xp 00000000 103:0a 265748                    /usr/lib/x86_64-linux-gnu/libtxc_dxtn_s2tc.so.0.0.0
7fa8199fb000-7fa819bfa000 ---p 00037000 103:0a 265748                    /usr/lib/x86_64-linux-gnu/libtxc_dxtn_s2tc.so.0.0.0
7fa819bfa000-7fa819bfb000 r--p 00036000 103:0a 265748                    /usr/lib/x86_64-linux-gnu/libtxc_dxtn_s2tc.so.0.0.0
7fa819bfb000-7fa819bfc000 rw-p 00037000 103:0a 265748                    /usr/lib/x86_64-linux-gnu/libtxc_dxtn_s2tc.so.0.0.0
7fa819bfc000-7fa819c16000 r-xp 00000000 103:05 1048698                   /lib/x86_64-linux-gnu/libz.so.1.2.8
7fa819c16000-7fa819e15000 ---p 0001a000 103:05 1048698                   /lib/x86_64-linux-gnu/libz.so.1.2.8
7fa819e15000-7fa819e16000 r--p 00019000 103:05 1048698                   /lib/x86_64-linux-gnu/libz.so.1.2.8
7fa819e16000-7fa819e17000 rw-p 0001a000 103:05 1048698                   /lib/x86_64-linux-gnu/libz.so.1.2.8
7fa819e17000-7fa819e1f000 r-xp 00000000 103:0a 265709                    /usr/lib/x86_64-linux-gnu/libpciaccess.so.0.11.1
7fa819e1f000-7fa81a01f000 ---p 00008000 103:0a 265709                    /usr/lib/x86_64-linux-gnu/libpciaccess.so.0.11.1
7fa81a01f000-7fa81a020000 r--p 00008000 103:0a 265709                    /usr/lib/x86_64-linux-gnu/libpciaccess.so.0.11.1
7fa81a020000-7fa81a021000 rw-p 00009000 103:0a 265709                    /usr/lib/x86_64-linux-gnu/libpciaccess.so.0.11.1
7fa81a021000-7fa81a033000 r-xp 00000000 103:05 1051358                   /lib/x86_64-linux-gnu/libgpg-error.so.0.17.0
7fa81a033000-7fa81a233000 ---p 00012000 103:05 1051358                   /lib/x86_64-linux-gnu/libgpg-error.so.0.17.0
7fa81a233000-7fa81a234000 r--p 00012000 103:05 1051358                   /lib/x86_64-linux-gnu/libgpg-error.so.0.17.0
7fa81a234000-7fa81a235000 rw-p 00013000 103:05 1051358                   /lib/x86_64-linux-gnu/libgpg-error.so.0.17.0
7fa81a235000-7fa81a3a7000 r-xp 00000000 103:0a 264107                    /usr/lib/x86_64-linux-gnu/libstdc++.so.6.0.21
7fa81a3a7000-7fa81a5a7000 ---p 00172000 103:0a 264107                    /usr/lib/x86_64-linux-gnu/libstdc++.so.6.0.21
7fa81a5a7000-7fa81a5b1000 r--p 00172000 103:0a 264107                    /usr/lib/x86_64-linux-gnu/libstdc++.so.6.0.21
7fa81a5b1000-7fa81a5b3000 rw-p 0017c000 103:0a 264107                    /usr/lib/x86_64-linux-gnu/libstdc++.so.6.0.21
7fa81a5b3000-7fa81a5b7000 rw-p 00000000 00:00 0 
7fa81a5b7000-7fa81a5c2000 r-xp 00000000 103:0a 263489                    /usr/lib/x86_64-linux-gnu/libdrm_radeon.so.1.0.1
7fa81a5c2000-7fa81a7c1000 ---p 0000b000 103:0a 263489                    /usr/lib/x86_64-linux-gnu/libdrm_radeon.so.1.0.1
7fa81a7c1000-7fa81a7c2000 r--p 0000a000 103:0a 263489                    /usr/lib/x86_64-linux-gnu/libdrm_radeon.so.1.0.1
7fa81a7c2000-7fa81a7c3000 rw-p 0000b000 103:0a 263489                    /usr/lib/x86_64-linux-gnu/libdrm_radeon.so.1.0.1
7fa81a7c3000-7fa81a7ca000 r-xp 00000000 103:0a 263503                    /usr/lib/x86_64-linux-gnu/libdrm_nouveau.so.2.0.0
7fa81a7ca000-7fa81a9c9000 ---p 00007000 103:0a 263503                    /usr/lib/x86_64-linux-gnu/libdrm_nouveau.so.2.0.0
7fa81a9c9000-7fa81a9ca000 r--p 00006000 103:0a 263503                    /usr/lib/x86_64-linux-gnu/libdrm_nouveau.so.2.0.0
7fa81a9ca000-7fa81a9cb000 rw-p 00007000 103:0a 263503                    /usr/lib/x86_64-linux-gnu/libdrm_nouveau.so.2.0.0
7fa81a9cb000-7fa81a9eb000 r-xp 00000000 103:0a 263465                    /usr/lib/x86_64-linux-gnu/libdrm_intel.so.1.0.0
7fa81a9eb000-7fa81abea000 ---p 00020000 103:0a 263465                    /usr/lib/x86_64-linux-gnu/libdrm_intel.so.1.0.0
7fa81abea000-7fa81abeb000 r--p 0001f000 103:0a 263465                    /usr/lib/x86_64-linux-gnu/libdrm_intel.so.1.0.0
7fa81abeb000-7fa81abec000 rw-p 00020000 103:0a 263465                    /usr/lib/x86_64-linux-gnu/libdrm_intel.so.1.0.0
7fa81abec000-7fa81acc4000 r-xp 00000000 103:05 1049250                   /lib/x86_64-linux-gnu/libgcrypt.so.20.0.5
7fa81acc4000-7fa81aec3000 ---p 000d8000 103:05 1049250                   /lib/x86_64-linux-gnu/libgcrypt.so.20.0.5
7fa81aec3000-7fa81aec4000 r--p 000d7000 103:05 1049250                   /lib/x86_64-linux-gnu/libgcrypt.so.20.0.5
7fa81aec4000-7fa81aecc000 rw-p 000d8000 103:05 1049250                   /lib/x86_64-linux-gnu/libgcrypt.so.20.0.5
7fa81aecc000-7fa81aecd000 rw-p 00000000 00:00 0 
7fa81aecd000-7fa81b52d000 r-xp 00000000 103:0a 263603                    /usr/lib/x86_64-linux-gnu/dri/i965_dri.so
7fa81b52d000-7fa81b72d000 ---p 00660000 103:0a 263603                    /usr/lib/x86_64-linux-gnu/dri/i965_dri.so
7fa81b72d000-7fa81b76c000 r--p 00660000 103:0a 263603                    /usr/lib/x86_64-linux-gnu/dri/i965_dri.so
7fa81b76c000-7fa81b774000 rw-p 0069f000 103:0a 263603                    /usr/lib/x86_64-linux-gnu/dri/i965_dri.so
7fa81b774000-7fa81b77c000 rw-p 00000000 00:00 0 
7fa81b77c000-7fa81b7d8000 r-xp 00000000 103:05 262256                    /tmp/jogamp_0000/file_cache/jln798288856428467541/jln6857751721263161027/natives/linux-amd64/libjogl_mobile.so
7fa81b7d8000-7fa81b9d8000 ---p 0005c000 103:05 262256                    /tmp/jogamp_0000/file_cache/jln798288856428467541/jln6857751721263161027/natives/linux-amd64/libjogl_mobile.so
7fa81b9d8000-7fa81b9d9000 rw-p 0005c000 103:05 262256                    /tmp/jogamp_0000/file_cache/jln798288856428467541/jln6857751721263161027/natives/linux-amd64/libjogl_mobile.so
7fa81b9d9000-7fa81b9e0000 r-xp 00000000 103:0a 265861                    /usr/lib/x86_64-linux-gnu/libffi.so.6.0.4
7fa81b9e0000-7fa81bbdf000 ---p 00007000 103:0a 265861                    /usr/lib/x86_64-linux-gnu/libffi.so.6.0.4
7fa81bbdf000-7fa81bbe0000 r--p 00006000 103:0a 265861                    /usr/lib/x86_64-linux-gnu/libffi.so.6.0.4
7fa81bbe0000-7fa81bbe1000 rw-p 00007000 103:0a 265861                    /usr/lib/x86_64-linux-gnu/libffi.so.6.0.4
7fa81bbe1000-7fa81bbee000 r-xp 00000000 103:0a 263601                    /usr/lib/x86_64-linux-gnu/libgbm.so.1.0.0
7fa81bbee000-7fa81bded000 ---p 0000d000 103:0a 263601                    /usr/lib/x86_64-linux-gnu/libgbm.so.1.0.0
7fa81bded000-7fa81bdee000 r--p 0000c000 103:0a 263601                    /usr/lib/x86_64-linux-gnu/libgbm.so.1.0.0
7fa81bdee000-7fa81bdef000 rw-p 0000d000 103:0a 263601                    /usr/lib/x86_64-linux-gnu/libgbm.so.1.0.0
7fa81bdef000-7fa81bdfe000 r-xp 00000000 103:0a 264127                    /usr/lib/x86_64-linux-gnu/libwayland-server.so.0.1.0
7fa81bdfe000-7fa81bffd000 ---p 0000f000 103:0a 264127                    /usr/lib/x86_64-linux-gnu/libwayland-server.so.0.1.0
7fa81bffd000-7fa81bfff000 r--p 0000e000 103:0a 264127                    /usr/lib/x86_64-linux-gnu/libwayland-server.so.0.1.0
7fa81bfff000-7fa81c000000 rw-p 00010000 103:0a 264127                    /usr/lib/x86_64-linux-gnu/libwayland-server.so.0.1.0
7fa81c000000-7fa81c786000 rw-p 00000000 00:00 0 
7fa81c786000-7fa820000000 ---p 00000000 00:00 0 
7fa820000000-7fa820147000 rw-p 00000000 00:00 0 
7fa820147000-7fa824000000 ---p 00000000 00:00 0 
7fa824000000-7fa824021000 rw-p 00000000 00:00 0 
7fa824021000-7fa828000000 ---p 00000000 00:00 0 
7fa828000000-7fa82829e000 rw-p 00000000 00:00 0 
7fa82829e000-7fa82c000000 ---p 00000000 00:00 0 
7fa82c01b000-7fa82c0fb000 rw-s 00000000 00:05 290033                     /drm mm object (deleted)
7fa82c0fb000-7fa82c0fe000 ---p 00000000 00:00 0 
7fa82c0fe000-7fa82c1fc000 rw-p 00000000 00:00 0 
7fa82c1fc000-7fa82c208000 r-xp 00000000 103:0a 264450                    /usr/lib/x86_64-linux-gnu/libwayland-client.so.0.3.0
7fa82c208000-7fa82c407000 ---p 0000c000 103:0a 264450                    /usr/lib/x86_64-linux-gnu/libwayland-client.so.0.3.0
7fa82c407000-7fa82c409000 r--p 0000b000 103:0a 264450                    /usr/lib/x86_64-linux-gnu/libwayland-client.so.0.3.0
7fa82c409000-7fa82c40a000 rw-p 0000d000 103:0a 264450                    /usr/lib/x86_64-linux-gnu/libwayland-client.so.0.3.0
7fa82c40a000-7fa82c410000 r-xp 00000000 103:0a 264534                    /usr/lib/x86_64-linux-gnu/libxcb-xfixes.so.0.0.0
7fa82c410000-7fa82c610000 ---p 00006000 103:0a 264534                    /usr/lib/x86_64-linux-gnu/libxcb-xfixes.so.0.0.0
7fa82c610000-7fa82c611000 r--p 00006000 103:0a 264534                    /usr/lib/x86_64-linux-gnu/libxcb-xfixes.so.0.0.0
7fa82c611000-7fa82c612000 rw-p 00007000 103:0a 264534                    /usr/lib/x86_64-linux-gnu/libxcb-xfixes.so.0.0.0
7fa82c612000-7fa82c643000 r-xp 00000000 103:0a 408072                    /usr/lib/x86_64-linux-gnu/mesa-egl/libEGL.so.1.0.0
7fa82c643000-7fa82c843000 ---p 00031000 103:0a 408072                    /usr/lib/x86_64-linux-gnu/mesa-egl/libEGL.so.1.0.0
7fa82c843000-7fa82c844000 r--p 00031000 103:0a 408072                    /usr/lib/x86_64-linux-gnu/mesa-egl/libEGL.so.1.0.0
7fa82c844000-7fa82c845000 rw-p 00032000 103:0a 408072                    /usr/lib/x86_64-linux-gnu/mesa-egl/libEGL.so.1.0.0
7fa82c845000-7fa82c846000 rw-p 00000000 00:00 0 
7fa82c846000-7fa82c84e000 r-xp 00000000 103:0a 391101                    /usr/lib/x86_64-linux-gnu/mesa-egl/libGLESv2.so.2.0.0
7fa82c84e000-7fa82ca4d000 ---p 00008000 103:0a 391101                    /usr/lib/x86_64-linux-gnu/mesa-egl/libGLESv2.so.2.0.0
7fa82ca4d000-7fa82ca4e000 r--p 00007000 103:0a 391101                    /usr/lib/x86_64-linux-gnu/mesa-egl/libGLESv2.so.2.0.0
7fa82ca4e000-7fa82ca4f000 rw-p 00008000 103:0a 391101                    /usr/lib/x86_64-linux-gnu/mesa-egl/libGLESv2.so.2.0.0
7fa82ca4f000-7fa82ca52000 ---p 00000000 00:00 0 
7fa82ca52000-7fa82cb50000 rw-p 00000000 00:00 0 
7fa82cb50000-7fa82cc08000 r-xp 00000000 103:05 262255                    /tmp/jogamp_0000/file_cache/jln798288856428467541/jln6857751721263161027/natives/linux-amd64/libjogl_desktop.so
7fa82cc08000-7fa82ce08000 ---p 000b8000 103:05 262255                    /tmp/jogamp_0000/file_cache/jln798288856428467541/jln6857751721263161027/natives/linux-amd64/libjogl_desktop.so
7fa82ce08000-7fa82ce09000 rw-p 000b8000 103:05 262255                    /tmp/jogamp_0000/file_cache/jln798288856428467541/jln6857751721263161027/natives/linux-amd64/libjogl_desktop.so
7fa82ce09000-7fa82ce17000 r-xp 00000000 103:0a 263597                    /usr/lib/x86_64-linux-gnu/libdrm.so.2.4.0
7fa82ce17000-7fa82d016000 ---p 0000e000 103:0a 263597                    /usr/lib/x86_64-linux-gnu/libdrm.so.2.4.0
7fa82d016000-7fa82d017000 r--p 0000d000 103:0a 263597                    /usr/lib/x86_64-linux-gnu/libdrm.so.2.4.0
7fa82d017000-7fa82d018000 rw-p 0000e000 103:0a 263597                    /usr/lib/x86_64-linux-gnu/libdrm.so.2.4.0
7fa82d018000-7fa82d01c000 r-xp 00000000 103:0a 264481                    /usr/lib/x86_64-linux-gnu/libxcb-dri2.so.0.0.0
7fa82d01c000-7fa82d21b000 ---p 00004000 103:0a 264481                    /usr/lib/x86_64-linux-gnu/libxcb-dri2.so.0.0.0
7fa82d21b000-7fa82d21c000 r--p 00003000 103:0a 264481                    /usr/lib/x86_64-linux-gnu/libxcb-dri2.so.0.0.0
7fa82d21c000-7fa82d21d000 rw-p 00004000 103:0a 264481                    /usr/lib/x86_64-linux-gnu/libxcb-dri2.so.0.0.0
7fa82d21d000-7fa82d234000 r-xp 00000000 103:0a 264491                    /usr/lib/x86_64-linux-gnu/libxcb-glx.so.0.0.0
7fa82d234000-7fa82d433000 ---p 00017000 103:0a 264491                    /usr/lib/x86_64-linux-gnu/libxcb-glx.so.0.0.0
7fa82d433000-7fa82d435000 r--p 00016000 103:0a 264491                    /usr/lib/x86_64-linux-gnu/libxcb-glx.so.0.0.0
7fa82d435000-7fa82d436000 rw-p 00018000 103:0a 264491                    /usr/lib/x86_64-linux-gnu/libxcb-glx.so.0.0.0
7fa82d436000-7fa82d437000 r-xp 00000000 103:0a 265481                    /usr/lib/x86_64-linux-gnu/libX11-xcb.so.1.0.0
7fa82d437000-7fa82d636000 ---p 00001000 103:0a 265481                    /usr/lib/x86_64-linux-gnu/libX11-xcb.so.1.0.0
7fa82d636000-7fa82d637000 r--p 00000000 103:0a 265481                    /usr/lib/x86_64-linux-gnu/libX11-xcb.so.1.0.0
7fa82d637000-7fa82d638000 rw-p 00001000 103:0a 265481                    /usr/lib/x86_64-linux-gnu/libX11-xcb.so.1.0.0
7fa82d638000-7fa82d63a000 r-xp 00000000 103:0a 265496                    /usr/lib/x86_64-linux-gnu/libXdamage.so.1.1.0
7fa82d63a000-7fa82d839000 ---p 00002000 103:0a 265496                    /usr/lib/x86_64-linux-gnu/libXdamage.so.1.1.0
7fa82d839000-7fa82d83a000 r--p 00001000 103:0a 265496                    /usr/lib/x86_64-linux-gnu/libXdamage.so.1.1.0
7fa82d83a000-7fa82d83b000 rw-p 00002000 103:0a 265496                    /usr/lib/x86_64-linux-gnu/libXdamage.so.1.1.0
7fa82d83b000-7fa82d864000 r-xp 00000000 103:0a 263990                    /usr/lib/x86_64-linux-gnu/libglapi.so.0.0.0
7fa82d864000-7fa82da64000 ---p 00029000 103:0a 263990                    /usr/lib/x86_64-linux-gnu/libglapi.so.0.0.0
7fa82da64000-7fa82da68000 r--p 00029000 103:0a 263990                    /usr/lib/x86_64-linux-gnu/libglapi.so.0.0.0
7fa82da68000-7fa82da69000 rw-p 0002d000 103:0a 263990                    /usr/lib/x86_64-linux-gnu/libglapi.so.0.0.0
7fa82da69000-7fa82da6a000 rw-p 00000000 00:00 0 
7fa82da6a000-7fa82da6b000 r-xp 00000000 103:0a 265778                    /usr/lib/x86_64-linux-gnu/libxshmfence.so.1.0.0
7fa82da6b000-7fa82dc6b000 ---p 00001000 103:0a 265778                    /usr/lib/x86_64-linux-gnu/libxshmfence.so.1.0.0
7fa82dc6b000-7fa82dc6c000 r--p 00001000 103:0a 265778                    /usr/lib/x86_64-linux-gnu/libxshmfence.so.1.0.0
7fa82dc6c000-7fa82dc6d000 rw-p 00002000 103:0a 265778                    /usr/lib/x86_64-linux-gnu/libxshmfence.so.1.0.0
7fa82dc6d000-7fa82dc72000 r-xp 00000000 103:0a 264550                    /usr/lib/x86_64-linux-gnu/libxcb-sync.so.1.0.0
7fa82dc72000-7fa82de72000 ---p 00005000 103:0a 264550                    /usr/lib/x86_64-linux-gnu/libxcb-sync.so.1.0.0
7fa82de72000-7fa82de73000 r--p 00005000 103:0a 264550                    /usr/lib/x86_64-linux-gnu/libxcb-sync.so.1.0.0
7fa82de73000-7fa82de74000 rw-p 00006000 103:0a 264550                    /usr/lib/x86_64-linux-gnu/libxcb-sync.so.1.0.0
7fa82de74000-7fa82de76000 r-xp 00000000 103:0a 264603                    /usr/lib/x86_64-linux-gnu/libxcb-present.so.0.0.0
7fa82de76000-7fa82e075000 ---p 00002000 103:0a 264603                    /usr/lib/x86_64-linux-gnu/libxcb-present.so.0.0.0
7fa82e075000-7fa82e076000 r--p 00001000 103:0a 264603                    /usr/lib/x86_64-linux-gnu/libxcb-present.so.0.0.0
7fa82e076000-7fa82e077000 rw-p 00002000 103:0a 264603                    /usr/lib/x86_64-linux-gnu/libxcb-present.so.0.0.0
7fa82e077000-7fa82e079000 r-xp 00000000 103:0a 264485                    /usr/lib/x86_64-linux-gnu/libxcb-dri3.so.0.0.0
7fa82e079000-7fa82e278000 ---p 00002000 103:0a 264485                    /usr/lib/x86_64-linux-gnu/libxcb-dri3.so.0.0.0
7fa82e278000-7fa82e279000 r--p 00001000 103:0a 264485                    /usr/lib/x86_64-linux-gnu/libxcb-dri3.so.0.0.0
7fa82e279000-7fa82e27a000 rw-p 00002000 103:0a 264485                    /usr/lib/x86_64-linux-gnu/libxcb-dri3.so.0.0.0
7fa82e27a000-7fa82e2a0000 r-xp 00000000 103:05 1049942                   /lib/x86_64-linux-gnu/libexpat.so.1.6.0
7fa82e2a0000-7fa82e4a0000 ---p 00026000 103:05 1049942                   /lib/x86_64-linux-gnu/libexpat.so.1.6.0
7fa82e4a0000-7fa82e4a2000 r--p 00026000 103:05 1049942                   /lib/x86_64-linux-gnu/libexpat.so.1.6.0
7fa82e4a2000-7fa82e4a3000 rw-p 00028000 103:05 1049942                   /lib/x86_64-linux-gnu/libexpat.so.1.6.0
7fa82e4a3000-7fa82e513000 r-xp 00000000 103:0a 391095                    /usr/lib/x86_64-linux-gnu/mesa/libGL.so.1.2.0
7fa82e513000-7fa82e712000 ---p 00070000 103:0a 391095                    /usr/lib/x86_64-linux-gnu/mesa/libGL.so.1.2.0
7fa82e712000-7fa82e715000 r--p 0006f000 103:0a 391095                    /usr/lib/x86_64-linux-gnu/mesa/libGL.so.1.2.0
7fa82e715000-7fa82e716000 rw-p 00072000 103:0a 391095                    /usr/lib/x86_64-linux-gnu/mesa/libGL.so.1.2.0
7fa82e716000-7fa82e917000 rw-p 00000000 00:00 0 
7fa82e917000-7fa82eb17000 rw-p 00000000 00:00 0 
7fa82eb17000-7fa82eb19000 r-xp 00000000 103:0a 265508                    /usr/lib/x86_64-linux-gnu/libXinerama.so.1.0.0
7fa82eb19000-7fa82ed18000 ---p 00002000 103:0a 265508                    /usr/lib/x86_64-linux-gnu/libXinerama.so.1.0.0
7fa82ed18000-7fa82ed19000 r--p 00001000 103:0a 265508                    /usr/lib/x86_64-linux-gnu/libXinerama.so.1.0.0
7fa82ed19000-7fa82ed1a000 rw-p 00002000 103:0a 265508                    /usr/lib/x86_64-linux-gnu/libXinerama.so.1.0.0
7fa82ed1a000-7fa82ed1d000 ---p 00000000 00:00 0 
7fa82ed1d000-7fa82f0cb000 rw-p 00000000 00:00 0 
7fa82f0cb000-7fa82f0dc000 r-xp 00000000 103:05 262259                    /tmp/jogamp_0000/file_cache/jln798288856428467541/jln6857751721263161027/natives/linux-amd64/libnewt.so
7fa82f0dc000-7fa82f2db000 ---p 00011000 103:05 262259                    /tmp/jogamp_0000/file_cache/jln798288856428467541/jln6857751721263161027/natives/linux-amd64/libnewt.so
7fa82f2db000-7fa82f2dc000 rw-p 00010000 103:05 262259                    /tmp/jogamp_0000/file_cache/jln798288856428467541/jln6857751721263161027/natives/linux-amd64/libnewt.so
7fa82f2dc000-7fa82f2e3000 r-xp 00000000 103:05 262258                    /tmp/jogamp_0000/file_cache/jln798288856428467541/jln6857751721263161027/natives/linux-amd64/libnativewindow_x11.so
7fa82f2e3000-7fa82f4e2000 ---p 00007000 103:05 262258                    /tmp/jogamp_0000/file_cache/jln798288856428467541/jln6857751721263161027/natives/linux-amd64/libnativewindow_x11.so
7fa82f4e2000-7fa82f4e3000 rw-p 00006000 103:05 262258                    /tmp/jogamp_0000/file_cache/jln798288856428467541/jln6857751721263161027/natives/linux-amd64/libnativewindow_x11.so
7fa82f4e3000-7fa82f4e6000 ---p 00000000 00:00 0 
7fa82f4e6000-7fa82f5e4000 rw-p 00000000 00:00 0 
7fa82f5e4000-7fa82f5e9000 r-xp 00000000 103:0a 265530                    /usr/lib/x86_64-linux-gnu/libXxf86vm.so.1.0.0
7fa82f5e9000-7fa82f7e8000 ---p 00005000 103:0a 265530                    /usr/lib/x86_64-linux-gnu/libXxf86vm.so.1.0.0
7fa82f7e8000-7fa82f7e9000 r--p 00004000 103:0a 265530                    /usr/lib/x86_64-linux-gnu/libXxf86vm.so.1.0.0
7fa82f7e9000-7fa82f7ea000 rw-p 00005000 103:0a 265530                    /usr/lib/x86_64-linux-gnu/libXxf86vm.so.1.0.0
7fa82f7ea000-7fa82f7ec000 r-xp 00000000 103:05 262257                    /tmp/jogamp_0000/file_cache/jln798288856428467541/jln6857751721263161027/natives/linux-amd64/libnativewindow_awt.so
7fa82f7ec000-7fa82f9eb000 ---p 00002000 103:05 262257                    /tmp/jogamp_0000/file_cache/jln798288856428467541/jln6857751721263161027/natives/linux-amd64/libnativewindow_awt.so
7fa82f9eb000-7fa82f9ec000 rw-p 00001000 103:05 262257                    /tmp/jogamp_0000/file_cache/jln798288856428467541/jln6857751721263161027/natives/linux-amd64/libnativewindow_awt.so
7fa82f9ec000-7fa82f9ed000 r-xp 00000000 103:0a 133813                    /usr/lib/jvm/java-8-oracle/jre/lib/amd64/libjawt.so
7fa82f9ed000-7fa82fbec000 ---p 00001000 103:0a 133813                    /usr/lib/jvm/java-8-oracle/jre/lib/amd64/libjawt.so
7fa82fbec000-7fa82fbed000 rw-p 00000000 103:0a 133813                    /usr/lib/jvm/java-8-oracle/jre/lib/amd64/libjawt.so
7fa82fbed000-7fa82fbef000 r-xp 00000000 103:05 262254                    /tmp/jogamp_0000/file_cache/jln798288856428467541/jln6857751721263161027/natives/linux-amd64/libgluegen-rt.so
7fa82fbef000-7fa82fdee000 ---p 00002000 103:05 262254                    /tmp/jogamp_0000/file_cache/jln798288856428467541/jln6857751721263161027/natives/linux-amd64/libgluegen-rt.so
7fa82fdee000-7fa82fdef000 rw-p 00001000 103:05 262254                    /tmp/jogamp_0000/file_cache/jln798288856428467541/jln6857751721263161027/natives/linux-amd64/libgluegen-rt.so
7fa82fdef000-7fa82fe00000 r-xp 00000000 103:0a 133822                    /usr/lib/jvm/java-8-oracle/jre/lib/amd64/libnio.so
7fa82fe00000-7fa82ffff000 ---p 00011000 103:0a 133822                    /usr/lib/jvm/java-8-oracle/jre/lib/amd64/libnio.so
7fa82ffff000-7fa830000000 rw-p 00010000 103:0a 133822                    /usr/lib/jvm/java-8-oracle/jre/lib/amd64/libnio.so
7fa830000000-7fa830021000 rw-p 00000000 00:00 0 
7fa830021000-7fa834000000 ---p 00000000 00:00 0 
7fa834000000-7fa834027000 rw-p 00000000 00:00 0 
7fa834027000-7fa838000000 ---p 00000000 00:00 0 
7fa838000000-7fa838021000 rw-p 00000000 00:00 0 
7fa838021000-7fa83c000000 ---p 00000000 00:00 0 
7fa83c000000-7fa83c021000 rw-p 00000000 00:00 0 
7fa83c021000-7fa840000000 ---p 00000000 00:00 0 
7fa840000000-7fa84231e000 rw-p 00000000 00:00 0 
7fa84231e000-7fa844000000 ---p 00000000 00:00 0 
7fa844000000-7fa84467e000 rw-p 00000000 00:00 0 
7fa84467e000-7fa848000000 ---p 00000000 00:00 0 
7fa848000000-7fa848021000 rw-p 00000000 00:00 0 
7fa848021000-7fa84c000000 ---p 00000000 00:00 0 
7fa84c000000-7fa84d959000 rw-p 00000000 00:00 0 
7fa84d959000-7fa850000000 ---p 00000000 00:00 0 
7fa850000000-7fa850021000 rw-p 00000000 00:00 0 
7fa850021000-7fa854000000 ---p 00000000 00:00 0 
7fa854000000-7fa854021000 rw-p 00000000 00:00 0 
7fa854021000-7fa858000000 ---p 00000000 00:00 0 
7fa858000000-7fa858021000 rw-p 00000000 00:00 0 
7fa858021000-7fa85c000000 ---p 00000000 00:00 0 
7fa85c000000-7fa85c021000 rw-p 00000000 00:00 0 
7fa85c021000-7fa860000000 ---p 00000000 00:00 0 
7fa860000000-7fa860021000 rw-p 00000000 00:00 0 
7fa860021000-7fa864000000 ---p 00000000 00:00 0 
7fa864000000-7fa864008000 rw-s 00000000 00:05 289697                     /drm mm object (deleted)
7fa864008000-7fa864010000 rw-s 00000000 00:05 289685                     /drm mm object (deleted)
7fa864010000-7fa864018000 rw-s 00000000 00:05 289684                     /drm mm object (deleted)
7fa864018000-7fa864020000 rw-s 00000000 00:05 289679                     /drm mm object (deleted)
7fa864020000-7fa864028000 rw-s 00000000 00:05 289671                     /drm mm object (deleted)
7fa864028000-7fa864030000 r--p 00000000 103:07 527430                    /home/procsynth/.config/dconf/user
7fa864030000-7fa86403a000 r--s 00116000 103:0a 133676                    /usr/lib/jvm/java-8-oracle/jre/lib/ext/localedata.jar
7fa86403a000-7fa864056000 r--s 00393000 103:0a 133669                    /usr/lib/jvm/java-8-oracle/jre/lib/ext/cldrdata.jar
7fa864056000-7fa86405e000 rw-s 00000000 00:05 290974                     /drm mm object (deleted)
7fa86405e000-7fa864066000 rw-s 00000000 00:05 287545                     /drm mm object (deleted)
7fa864066000-7fa864076000 rw-s 1121a2000 00:06 259                       /dev/dri/card0
7fa864076000-7fa864086000 rw-s 112192000 00:06 259                       /dev/dri/card0
7fa864086000-7fa86408e000 rw-s 00000000 00:05 290063                     /drm mm object (deleted)
7fa86408e000-7fa864091000 ---p 00000000 00:00 0 
7fa864091000-7fa864490000 rw-p 00000000 00:00 0 
7fa864490000-7fa8644a6000 r-xp 00000000 103:0a 133819                    /usr/lib/jvm/java-8-oracle/jre/lib/amd64/libnet.so
7fa8644a6000-7fa8646a6000 ---p 00016000 103:0a 133819                    /usr/lib/jvm/java-8-oracle/jre/lib/amd64/libnet.so
7fa8646a6000-7fa8646a7000 rw-p 00016000 103:0a 133819                    /usr/lib/jvm/java-8-oracle/jre/lib/amd64/libnet.so
7fa8646a7000-7fa8648a7000 rw-p 00000000 00:00 0 
7fa8648a7000-7fa8648b1000 r-xp 00000000 103:0a 265512                    /usr/lib/x86_64-linux-gnu/libXrandr.so.2.2.0
7fa8648b1000-7fa864ab0000 ---p 0000a000 103:0a 265512                    /usr/lib/x86_64-linux-gnu/libXrandr.so.2.2.0
7fa864ab0000-7fa864ab1000 r--p 00009000 103:0a 265512                    /usr/lib/x86_64-linux-gnu/libXrandr.so.2.2.0
7fa864ab1000-7fa864ab2000 rw-p 0000a000 103:0a 265512                    /usr/lib/x86_64-linux-gnu/libXrandr.so.2.2.0
7fa864ab2000-7fa864ab5000 ---p 00000000 00:00 0 
7fa864ab5000-7fa864bb3000 rw-p 00000000 00:00 0 
7fa864bb3000-7fa864bb8000 r-xp 00000000 103:0a 265501                    /usr/lib/x86_64-linux-gnu/libXfixes.so.3.1.0
7fa864bb8000-7fa864db7000 ---p 00005000 103:0a 265501                    /usr/lib/x86_64-linux-gnu/libXfixes.so.3.1.0
7fa864db7000-7fa864db8000 r--p 00004000 103:0a 265501                    /usr/lib/x86_64-linux-gnu/libXfixes.so.3.1.0
7fa864db8000-7fa864db9000 rw-p 00005000 103:0a 265501                    /usr/lib/x86_64-linux-gnu/libXfixes.so.3.1.0
7fa864db9000-7fa864dc2000 r-xp 00000000 103:0a 265494                    /usr/lib/x86_64-linux-gnu/libXcursor.so.1.0.2
7fa864dc2000-7fa864fc1000 ---p 00009000 103:0a 265494                    /usr/lib/x86_64-linux-gnu/libXcursor.so.1.0.2
7fa864fc1000-7fa864fc2000 r--p 00008000 103:0a 265494                    /usr/lib/x86_64-linux-gnu/libXcursor.so.1.0.2
7fa864fc2000-7fa864fc3000 rw-p 00009000 103:0a 265494                    /usr/lib/x86_64-linux-gnu/libXcursor.so.1.0.2
7fa864fc3000-7fa864fc6000 ---p 00000000 00:00 0 
7fa864fc6000-7fa8650c4000 rw-p 00000000 00:00 0 
7fa8650c4000-7fa8650da000 r-xp 00000000 103:05 1055286                   /lib/x86_64-linux-gnu/libgcc_s.so.1
7fa8650da000-7fa8652d9000 ---p 00016000 103:05 1055286                   /lib/x86_64-linux-gnu/libgcc_s.so.1
7fa8652d9000-7fa8652da000 rw-p 00015000 103:05 1055286                   /lib/x86_64-linux-gnu/libgcc_s.so.1
7fa8652da000-7fa86533f000 r-xp 00000000 103:0a 133801                    /usr/lib/jvm/java-8-oracle/jre/lib/amd64/libfontmanager.so
7fa86533f000-7fa86553e000 ---p 00065000 103:0a 133801                    /usr/lib/jvm/java-8-oracle/jre/lib/amd64/libfontmanager.so
7fa86553e000-7fa865543000 rw-p 00064000 103:0a 133801                    /usr/lib/jvm/java-8-oracle/jre/lib/amd64/libfontmanager.so
7fa865543000-7fa865553000 rw-p 00000000 00:00 0 
7fa865553000-7fa865558000 r-xp 00000000 103:0a 265848                    /usr/lib/x86_64-linux-gnu/libXdmcp.so.6.0.0
7fa865558000-7fa865757000 ---p 00005000 103:0a 265848                    /usr/lib/x86_64-linux-gnu/libXdmcp.so.6.0.0
7fa865757000-7fa865758000 r--p 00004000 103:0a 265848                    /usr/lib/x86_64-linux-gnu/libXdmcp.so.6.0.0
7fa865758000-7fa865759000 rw-p 00005000 103:0a 265848                    /usr/lib/x86_64-linux-gnu/libXdmcp.so.6.0.0
7fa865759000-7fa86575b000 r-xp 00000000 103:0a 265487                    /usr/lib/x86_64-linux-gnu/libXau.so.6.0.0
7fa86575b000-7fa86595b000 ---p 00002000 103:0a 265487                    /usr/lib/x86_64-linux-gnu/libXau.so.6.0.0
7fa86595b000-7fa86595c000 r--p 00002000 103:0a 265487                    /usr/lib/x86_64-linux-gnu/libXau.so.6.0.0
7fa86595c000-7fa86595d000 rw-p 00003000 103:0a 265487                    /usr/lib/x86_64-linux-gnu/libXau.so.6.0.0
7fa86595d000-7fa86597e000 r-xp 00000000 103:0a 265851                    /usr/lib/x86_64-linux-gnu/libxcb.so.1.1.0
7fa86597e000-7fa865b7d000 ---p 00021000 103:0a 265851                    /usr/lib/x86_64-linux-gnu/libxcb.so.1.1.0
7fa865b7d000-7fa865b7e000 r--p 00020000 103:0a 265851                    /usr/lib/x86_64-linux-gnu/libxcb.so.1.1.0
7fa865b7e000-7fa865b7f000 rw-p 00021000 103:0a 265851                    /usr/lib/x86_64-linux-gnu/libxcb.so.1.1.0
7fa865b7f000-7fa865b8e000 r-xp 00000000 103:0a 264904                    /usr/lib/x86_64-linux-gnu/libXi.so.6.1.0
7fa865b8e000-7fa865d8d000 ---p 0000f000 103:0a 264904                    /usr/lib/x86_64-linux-gnu/libXi.so.6.1.0
7fa865d8d000-7fa865d8e000 r--p 0000e000 103:0a 264904                    /usr/lib/x86_64-linux-gnu/libXi.so.6.1.0
7fa865d8e000-7fa865d8f000 rw-p 0000f000 103:0a 264904                    /usr/lib/x86_64-linux-gnu/libXi.so.6.1.0
7fa865d8f000-7fa865d94000 r-xp 00000000 103:0a 265520                    /usr/lib/x86_64-linux-gnu/libXtst.so.6.1.0
7fa865d94000-7fa865f93000 ---p 00005000 103:0a 265520                    /usr/lib/x86_64-linux-gnu/libXtst.so.6.1.0
7fa865f93000-7fa865f94000 r--p 00004000 103:0a 265520                    /usr/lib/x86_64-linux-gnu/libXtst.so.6.1.0
7fa865f94000-7fa865f95000 rw-p 00005000 103:0a 265520                    /usr/lib/x86_64-linux-gnu/libXtst.so.6.1.0
7fa865f95000-7fa865f9e000 r-xp 00000000 103:0a 265514                    /usr/lib/x86_64-linux-gnu/libXrender.so.1.3.0
7fa865f9e000-7fa86619d000 ---p 00009000 103:0a 265514                    /usr/lib/x86_64-linux-gnu/libXrender.so.1.3.0
7fa86619d000-7fa86619e000 r--p 00008000 103:0a 265514                    /usr/lib/x86_64-linux-gnu/libXrender.so.1.3.0
7fa86619e000-7fa86619f000 rw-p 00009000 103:0a 265514                    /usr/lib/x86_64-linux-gnu/libXrender.so.1.3.0
7fa86619f000-7fa8662d4000 r-xp 00000000 103:0a 265483                    /usr/lib/x86_64-linux-gnu/libX11.so.6.3.0
7fa8662d4000-7fa8664d4000 ---p 00135000 103:0a 265483                    /usr/lib/x86_64-linux-gnu/libX11.so.6.3.0
7fa8664d4000-7fa8664d5000 r--p 00135000 103:0a 265483                    /usr/lib/x86_64-linux-gnu/libX11.so.6.3.0
7fa8664d5000-7fa8664d9000 rw-p 00136000 103:0a 265483                    /usr/lib/x86_64-linux-gnu/libX11.so.6.3.0
7fa8664d9000-7fa8664ea000 r-xp 00000000 103:0a 265499                    /usr/lib/x86_64-linux-gnu/libXext.so.6.4.0
7fa8664ea000-7fa8666e9000 ---p 00011000 103:0a 265499                    /usr/lib/x86_64-linux-gnu/libXext.so.6.4.0
7fa8666e9000-7fa8666ea000 r--p 00010000 103:0a 265499                    /usr/lib/x86_64-linux-gnu/libXext.so.6.4.0
7fa8666ea000-7fa8666eb000 rw-p 00011000 103:0a 265499                    /usr/lib/x86_64-linux-gnu/libXext.so.6.4.0
7fa8666eb000-7fa86673f000 r-xp 00000000 103:0a 133826                    /usr/lib/jvm/java-8-oracle/jre/lib/amd64/libawt_xawt.so
7fa86673f000-7fa86693f000 ---p 00054000 103:0a 133826                    /usr/lib/jvm/java-8-oracle/jre/lib/amd64/libawt_xawt.so
7fa86693f000-7fa866943000 rw-p 00054000 103:0a 133826                    /usr/lib/jvm/java-8-oracle/jre/lib/amd64/libawt_xawt.so
7fa866943000-7fa866944000 rw-p 00000000 00:00 0 
7fa866944000-7fa8669e6000 r-xp 00000000 103:0a 133812                    /usr/lib/jvm/java-8-oracle/jre/lib/amd64/libawt.so
7fa8669e6000-7fa866be6000 ---p 000a2000 103:0a 133812                    /usr/lib/jvm/java-8-oracle/jre/lib/amd64/libawt.so
7fa866be6000-7fa866bf2000 rw-p 000a2000 103:0a 133812                    /usr/lib/jvm/java-8-oracle/jre/lib/amd64/libawt.so
7fa866bf2000-7fa866c16000 rw-p 00000000 00:00 0 
7fa866c16000-7fa866c17000 ---p 00000000 00:00 0 
7fa866c17000-7fa866d17000 rw-p 00000000 00:00 0 
7fa866d17000-7fa866d1a000 ---p 00000000 00:00 0 
7fa866d1a000-7fa866e18000 rw-p 00000000 00:00 0 
7fa866e18000-7fa866e1b000 ---p 00000000 00:00 0 
7fa866e1b000-7fa866f19000 rw-p 00000000 00:00 0 
7fa866f19000-7fa866f1c000 ---p 00000000 00:00 0 
7fa866f1c000-7fa86701a000 rw-p 00000000 00:00 0 
7fa86701a000-7fa86701d000 ---p 00000000 00:00 0 
7fa86701d000-7fa86711b000 rw-p 00000000 00:00 0 
7fa86711b000-7fa86711e000 ---p 00000000 00:00 0 
7fa86711e000-7fa86721c000 rw-p 00000000 00:00 0 
7fa86721c000-7fa8674f5000 r--p 00000000 103:0a 131941                    /usr/lib/locale/locale-archive
7fa8674f5000-7fa8674f8000 ---p 00000000 00:00 0 
7fa8674f8000-7fa8675f6000 rw-p 00000000 00:00 0 
7fa8675f6000-7fa8675f9000 ---p 00000000 00:00 0 
7fa8675f9000-7fa8676f7000 rw-p 00000000 00:00 0 
7fa8676f7000-7fa8676f8000 ---p 00000000 00:00 0 
7fa8676f8000-7fa868000000 rw-p 00000000 00:00 0 
7fa868000000-7fa868021000 rw-p 00000000 00:00 0 
7fa868021000-7fa86c000000 ---p 00000000 00:00 0 
7fa86c003000-7fa86c083000 r-xp 00000000 103:05 1049985                   /lib/x86_64-linux-gnu/libsystemd.so.0.14.0
7fa86c083000-7fa86c086000 r--p 0007f000 103:05 1049985                   /lib/x86_64-linux-gnu/libsystemd.so.0.14.0
7fa86c086000-7fa86c087000 rw-p 00082000 103:05 1049985                   /lib/x86_64-linux-gnu/libsystemd.so.0.14.0
7fa86c087000-7fa86c088000 rw-p 00000000 00:00 0 
7fa86c08a000-7fa86c092000 rw-s 00000000 00:05 290066                     /drm mm object (deleted)
7fa86c092000-7fa86c09a000 rw-s 00000000 00:05 290062                     /drm mm object (deleted)
7fa86c09a000-7fa86c0ae000 rw-s 00000000 00:05 290053                     /drm mm object (deleted)
7fa86c0ae000-7fa86c0cc000 r-xp 00000000 103:05 1049471                   /lib/x86_64-linux-gnu/libudev.so.1.6.4
7fa86c0cc000-7fa86c0cd000 r--p 0001d000 103:05 1049471                   /lib/x86_64-linux-gnu/libudev.so.1.6.4
7fa86c0cd000-7fa86c0ce000 rw-p 0001e000 103:05 1049471                   /lib/x86_64-linux-gnu/libudev.so.1.6.4
7fa86c0ce000-7fa870000000 rw-p 00000000 00:00 0 
7fa870000000-7fa870021000 rw-p 00000000 00:00 0 
7fa870021000-7fa874000000 ---p 00000000 00:00 0 
7fa874001000-7fa874002000 r--s 00000000 00:2b 29                         /run/user/1000/dconf/user
7fa874002000-7fa87400a000 rw-s 00000000 00:05 287539                     /drm mm object (deleted)
7fa87400a000-7fa874011000 r--s 00000000 103:0a 267500                    /usr/lib/x86_64-linux-gnu/gconv/gconv-modules.cache
7fa874011000-7fa874024000 r--s 00344000 103:0a 133650                    /usr/lib/jvm/java-8-oracle/jre/lib/resources.jar
7fa874024000-7fa87402c000 rw-s 00000000 00:05 289516                     /drm mm object (deleted)
7fa87402c000-7fa87402f000 ---p 00000000 00:00 0 
7fa87402f000-7fa874065000 rw-p 00000000 00:00 0 
7fa874065000-7fa8740ac000 r--s 00758000 103:07 1184074                   /home/procsynth/LOCALDEV/Mashine-HotFixes/dist/mashine.jar
7fa8740ac000-7fa8745b1000 rw-p 00000000 00:00 0 
7fa8745b1000-7fa87478a000 r--s 03d1f000 103:0a 133612                    /usr/lib/jvm/java-8-oracle/jre/lib/rt.jar
7fa87478a000-7fa875000000 rw-p 00000000 00:00 0 
7fa875000000-7fa875b80000 rwxp 00000000 00:00 0 
7fa875b80000-7fa884000000 ---p 00000000 00:00 0 
7fa884000000-7fa88492a000 rw-p 00000000 00:00 0 
7fa88492a000-7fa888000000 ---p 00000000 00:00 0 
7fa888000000-7fa888002000 rw-s 112190000 00:06 259                       /dev/dri/card0
7fa888002000-7fa88800a000 rw-s 00000000 00:05 289482                     /drm mm object (deleted)
7fa88800a000-7fa888012000 rw-s 00000000 00:05 290864                     /drm mm object (deleted)
7fa888012000-7fa88801a000 rw-s 00000000 00:05 289469                     /drm mm object (deleted)
7fa88801a000-7fa8883ed000 rw-p 00000000 00:00 0 
7fa8883ed000-7fa8883ee000 ---p 00000000 00:00 0 
7fa8883ee000-7fa8884ee000 rw-p 00000000 00:00 0 
7fa8884ee000-7fa8884ef000 ---p 00000000 00:00 0 
7fa8884ef000-7fa8885ef000 rw-p 00000000 00:00 0 
7fa8885ef000-7fa8885f0000 ---p 00000000 00:00 0 
7fa8885f0000-7fa8886f0000 rw-p 00000000 00:00 0 
7fa8886f0000-7fa8886f1000 ---p 00000000 00:00 0 
7fa8886f1000-7fa88880f000 rw-p 00000000 00:00 0 
7fa88880f000-7fa888a7e000 ---p 00000000 00:00 0 
7fa888a7e000-7fa888a9c000 rw-p 00000000 00:00 0 
7fa888a9c000-7fa888d0a000 ---p 00000000 00:00 0 
7fa888d0a000-7fa888d21000 rw-p 00000000 00:00 0 
7fa888d21000-7fa888e51000 ---p 00000000 00:00 0 
7fa888e51000-7fa888e80000 rw-p 00000000 00:00 0 
7fa888e80000-7fa889212000 ---p 00000000 00:00 0 
7fa889212000-7fa88922c000 r-xp 00000000 103:0a 133815                    /usr/lib/jvm/java-8-oracle/jre/lib/amd64/libzip.so
7fa88922c000-7fa88942c000 ---p 0001a000 103:0a 133815                    /usr/lib/jvm/java-8-oracle/jre/lib/amd64/libzip.so
7fa88942c000-7fa88942d000 rw-p 0001a000 103:0a 133815                    /usr/lib/jvm/java-8-oracle/jre/lib/amd64/libzip.so
7fa88942d000-7fa889438000 r-xp 00000000 103:05 1052244                   /lib/x86_64-linux-gnu/libnss_files-2.23.so
7fa889438000-7fa889637000 ---p 0000b000 103:05 1052244                   /lib/x86_64-linux-gnu/libnss_files-2.23.so
7fa889637000-7fa889638000 r--p 0000a000 103:05 1052244                   /lib/x86_64-linux-gnu/libnss_files-2.23.so
7fa889638000-7fa889639000 rw-p 0000b000 103:05 1052244                   /lib/x86_64-linux-gnu/libnss_files-2.23.so
7fa889639000-7fa88963f000 rw-p 00000000 00:00 0 
7fa88963f000-7fa88964a000 r-xp 00000000 103:05 1052237                   /lib/x86_64-linux-gnu/libnss_nis-2.23.so
7fa88964a000-7fa889849000 ---p 0000b000 103:05 1052237                   /lib/x86_64-linux-gnu/libnss_nis-2.23.so
7fa889849000-7fa88984a000 r--p 0000a000 103:05 1052237                   /lib/x86_64-linux-gnu/libnss_nis-2.23.so
7fa88984a000-7fa88984b000 rw-p 0000b000 103:05 1052237                   /lib/x86_64-linux-gnu/libnss_nis-2.23.so
7fa88984b000-7fa889861000 r-xp 00000000 103:05 1052239                   /lib/x86_64-linux-gnu/libnsl-2.23.so
7fa889861000-7fa889a60000 ---p 00016000 103:05 1052239                   /lib/x86_64-linux-gnu/libnsl-2.23.so
7fa889a60000-7fa889a61000 r--p 00015000 103:05 1052239                   /lib/x86_64-linux-gnu/libnsl-2.23.so
7fa889a61000-7fa889a62000 rw-p 00016000 103:05 1052239                   /lib/x86_64-linux-gnu/libnsl-2.23.so
7fa889a62000-7fa889a64000 rw-p 00000000 00:00 0 
7fa889a64000-7fa889a6c000 r-xp 00000000 103:05 1052246                   /lib/x86_64-linux-gnu/libnss_compat-2.23.so
7fa889a6c000-7fa889c6b000 ---p 00008000 103:05 1052246                   /lib/x86_64-linux-gnu/libnss_compat-2.23.so
7fa889c6b000-7fa889c6c000 r--p 00007000 103:05 1052246                   /lib/x86_64-linux-gnu/libnss_compat-2.23.so
7fa889c6c000-7fa889c6d000 rw-p 00008000 103:05 1052246                   /lib/x86_64-linux-gnu/libnss_compat-2.23.so
7fa889c6d000-7fa889c97000 r-xp 00000000 103:0a 133810                    /usr/lib/jvm/java-8-oracle/jre/lib/amd64/libjava.so
7fa889c97000-7fa889e97000 ---p 0002a000 103:0a 133810                    /usr/lib/jvm/java-8-oracle/jre/lib/amd64/libjava.so
7fa889e97000-7fa889e99000 rw-p 0002a000 103:0a 133810                    /usr/lib/jvm/java-8-oracle/jre/lib/amd64/libjava.so
7fa889e99000-7fa889ea6000 r-xp 00000000 103:0a 133814                    /usr/lib/jvm/java-8-oracle/jre/lib/amd64/libverify.so
7fa889ea6000-7fa88a0a6000 ---p 0000d000 103:0a 133814                    /usr/lib/jvm/java-8-oracle/jre/lib/amd64/libverify.so
7fa88a0a6000-7fa88a0a8000 rw-p 0000d000 103:0a 133814                    /usr/lib/jvm/java-8-oracle/jre/lib/amd64/libverify.so
7fa88a0a8000-7fa88a0af000 r-xp 00000000 103:05 1052247                   /lib/x86_64-linux-gnu/librt-2.23.so
7fa88a0af000-7fa88a2ae000 ---p 00007000 103:05 1052247                   /lib/x86_64-linux-gnu/librt-2.23.so
7fa88a2ae000-7fa88a2af000 r--p 00006000 103:05 1052247                   /lib/x86_64-linux-gnu/librt-2.23.so
7fa88a2af000-7fa88a2b0000 rw-p 00007000 103:05 1052247                   /lib/x86_64-linux-gnu/librt-2.23.so
7fa88a2b0000-7fa88a3b8000 r-xp 00000000 103:05 1052238                   /lib/x86_64-linux-gnu/libm-2.23.so
7fa88a3b8000-7fa88a5b7000 ---p 00108000 103:05 1052238                   /lib/x86_64-linux-gnu/libm-2.23.so
7fa88a5b7000-7fa88a5b8000 r--p 00107000 103:05 1052238                   /lib/x86_64-linux-gnu/libm-2.23.so
7fa88a5b8000-7fa88a5b9000 rw-p 00108000 103:05 1052238                   /lib/x86_64-linux-gnu/libm-2.23.so
7fa88a5b9000-7fa88b279000 r-xp 00000000 103:0a 133793                    /usr/lib/jvm/java-8-oracle/jre/lib/amd64/server/libjvm.so
7fa88b279000-7fa88b479000 ---p 00cc0000 103:0a 133793                    /usr/lib/jvm/java-8-oracle/jre/lib/amd64/server/libjvm.so
7fa88b479000-7fa88b551000 rw-p 00cc0000 103:0a 133793                    /usr/lib/jvm/java-8-oracle/jre/lib/amd64/server/libjvm.so
7fa88b551000-7fa88b59c000 rw-p 00000000 00:00 0 
7fa88b59c000-7fa88b75b000 r-xp 00000000 103:05 1052240                   /lib/x86_64-linux-gnu/libc-2.23.so
7fa88b75b000-7fa88b95b000 ---p 001bf000 103:05 1052240                   /lib/x86_64-linux-gnu/libc-2.23.so
7fa88b95b000-7fa88b95f000 r--p 001bf000 103:05 1052240                   /lib/x86_64-linux-gnu/libc-2.23.so
7fa88b95f000-7fa88b961000 rw-p 001c3000 103:05 1052240                   /lib/x86_64-linux-gnu/libc-2.23.so
7fa88b961000-7fa88b965000 rw-p 00000000 00:00 0 
7fa88b965000-7fa88b968000 r-xp 00000000 103:05 1052236                   /lib/x86_64-linux-gnu/libdl-2.23.so
7fa88b968000-7fa88bb67000 ---p 00003000 103:05 1052236                   /lib/x86_64-linux-gnu/libdl-2.23.so
7fa88bb67000-7fa88bb68000 r--p 00002000 103:05 1052236                   /lib/x86_64-linux-gnu/libdl-2.23.so
7fa88bb68000-7fa88bb69000 rw-p 00003000 103:05 1052236                   /lib/x86_64-linux-gnu/libdl-2.23.so
7fa88bb69000-7fa88bb7e000 r-xp 00000000 103:0a 133788                    /usr/lib/jvm/java-8-oracle/jre/lib/amd64/jli/libjli.so
7fa88bb7e000-7fa88bd7e000 ---p 00015000 103:0a 133788                    /usr/lib/jvm/java-8-oracle/jre/lib/amd64/jli/libjli.so
7fa88bd7e000-7fa88bd7f000 rw-p 00015000 103:0a 133788                    /usr/lib/jvm/java-8-oracle/jre/lib/amd64/jli/libjli.so
7fa88bd7f000-7fa88bd97000 r-xp 00000000 103:05 1052251                   /lib/x86_64-linux-gnu/libpthread-2.23.so
7fa88bd97000-7fa88bf96000 ---p 00018000 103:05 1052251                   /lib/x86_64-linux-gnu/libpthread-2.23.so
7fa88bf96000-7fa88bf97000 r--p 00017000 103:05 1052251                   /lib/x86_64-linux-gnu/libpthread-2.23.so
7fa88bf97000-7fa88bf98000 rw-p 00018000 103:05 1052251                   /lib/x86_64-linux-gnu/libpthread-2.23.so
7fa88bf98000-7fa88bf9c000 rw-p 00000000 00:00 0 
7fa88bf9c000-7fa88bfc2000 r-xp 00000000 103:05 1052241                   /lib/x86_64-linux-gnu/ld-2.23.so
7fa88bfc2000-7fa88bfc3000 rw-s 11218f000 00:06 259                       /dev/dri/card0
7fa88bfc3000-7fa88c094000 rw-p 00000000 00:00 0 
7fa88c094000-7fa88c097000 ---p 00000000 00:00 0 
7fa88c097000-7fa88c199000 rw-p 00000000 00:00 0 
7fa88c199000-7fa88c19d000 rw-s 11218b000 00:06 259                       /dev/dri/card0
7fa88c19d000-7fa88c19e000 rw-s 111cf1000 00:06 259                       /dev/dri/card0
7fa88c19e000-7fa88c1a6000 rw-s 00000000 00:05 288648                     /drm mm object (deleted)
7fa88c1a6000-7fa88c1a7000 rwxp 00000000 00:00 0 
7fa88c1a7000-7fa88c1a8000 rw-s 111f86000 00:06 259                       /dev/dri/card0
7fa88c1a8000-7fa88c1b0000 rw-s 00000000 00:05 288642                     /drm mm object (deleted)
7fa88c1b0000-7fa88c1b1000 r--p 00000000 00:00 0 
7fa88c1b1000-7fa88c1b5000 r--s 00097000 103:0a 133665                    /usr/lib/jvm/java-8-oracle/jre/lib/jsse.jar
7fa88c1b5000-7fa88c1bd000 rw-s 00000000 103:05 262249                    /tmp/hsperfdata_procsynth/18296
7fa88c1bd000-7fa88c1be000 rw-p 00000000 00:00 0 
7fa88c1be000-7fa88c1bf000 r--p 00000000 00:00 0 
7fa88c1bf000-7fa88c1c1000 rw-p 00000000 00:00 0 
7fa88c1c1000-7fa88c1c2000 r--p 00025000 103:05 1052241                   /lib/x86_64-linux-gnu/ld-2.23.so
7fa88c1c2000-7fa88c1c3000 rw-p 00026000 103:05 1052241                   /lib/x86_64-linux-gnu/ld-2.23.so
7fa88c1c3000-7fa88c1c4000 rw-p 00000000 00:00 0 
7ffdaf851000-7ffdaf872000 rw-p 00000000 00:00 0                          [stack]
7ffdaf899000-7ffdaf89b000 r--p 00000000 00:00 0                          [vvar]
7ffdaf89b000-7ffdaf89d000 r-xp 00000000 00:00 0                          [vdso]
ffffffffff600000-ffffffffff601000 r-xp 00000000 00:00 0                  [vsyscall]

VM Arguments:
java_command: /home/procsynth/LOCALDEV/Mashine-HotFixes/dist/mashine.jar
java_class_path (initial): /home/procsynth/LOCALDEV/Mashine-HotFixes/dist/mashine.jar
Launcher Type: SUN_STANDARD

Environment Variables:
PATH=/sbin:/usr/local/sbin:/usr/local/bin:/usr/sbin:/usr/bin:/sbin:/bin:/usr/games:/usr/local/games:/snap/bin
USERNAME=procsynth
SHELL=/bin/bash
DISPLAY=:1

Signal Handlers:
SIGSEGV: [libjvm.so+0xabca10], sa_mask[0]=11111111011111111101111111111110, sa_flags=SA_RESTART|SA_SIGINFO
SIGBUS: [libjvm.so+0xabca10], sa_mask[0]=11111111011111111101111111111110, sa_flags=SA_RESTART|SA_SIGINFO
SIGFPE: [libjvm.so+0x919a20], sa_mask[0]=11111111011111111101111111111110, sa_flags=SA_RESTART|SA_SIGINFO
SIGPIPE: SIG_IGN, sa_mask[0]=00000000000010000000000000000000, sa_flags=SA_RESTART
SIGXFSZ: [libjvm.so+0x919a20], sa_mask[0]=11111111011111111101111111111110, sa_flags=SA_RESTART|SA_SIGINFO
SIGILL: [libjvm.so+0x919a20], sa_mask[0]=11111111011111111101111111111110, sa_flags=SA_RESTART|SA_SIGINFO
SIGUSR1: SIG_DFL, sa_mask[0]=00000000000000000000000000000000, sa_flags=none
SIGUSR2: [libjvm.so+0x91b050], sa_mask[0]=00100000000000000000000000000000, sa_flags=SA_RESTART|SA_SIGINFO
SIGHUP: [libjvm.so+0x91c450], sa_mask[0]=11111111011111111101111111111110, sa_flags=SA_RESTART|SA_SIGINFO
SIGINT: [libjvm.so+0x91c450], sa_mask[0]=11111111011111111101111111111110, sa_flags=SA_RESTART|SA_SIGINFO
SIGTERM: [libjvm.so+0x91c450], sa_mask[0]=11111111011111111101111111111110, sa_flags=SA_RESTART|SA_SIGINFO
SIGQUIT: [libjvm.so+0x91c450], sa_mask[0]=11111111011111111101111111111110, sa_flags=SA_RESTART|SA_SIGINFO


---------------  S Y S T E M  ---------------

OS:DISTRIB_ID=Ubuntu
DISTRIB_RELEASE=16.04
DISTRIB_CODENAME=xenial
DISTRIB_DESCRIPTION="Ubuntu 16.04.2 LTS"

uname:Linux 4.4.0-67-generic #88-Ubuntu SMP Wed Mar 8 16:34:45 UTC 2017 x86_64
libc:glibc 2.23 NPTL 2.23 
rlimit: STACK 8192k, CORE 0k, NPROC 30090, NOFILE 65536, AS infinity
load average:1,66 1,55 1,78

/proc/meminfo:
MemTotal:        8018668 kB
MemFree:          738964 kB
MemAvailable:    1644640 kB
Buffers:           96736 kB
Cached:          3138772 kB
SwapCached:          112 kB
Active:          4266796 kB
Inactive:        2598296 kB
Active(anon):    3654988 kB
Inactive(anon):  2181920 kB
Active(file):     611808 kB
Inactive(file):   416376 kB
Unevictable:        5460 kB
Mlocked:            5460 kB
SwapTotal:      17649656 kB
SwapFree:       17649300 kB
Dirty:             12588 kB
Writeback:             0 kB
AnonPages:       3635148 kB
Mapped:          1627236 kB
Shmem:           2206948 kB
Slab:             246848 kB
SReclaimable:     187476 kB
SUnreclaim:        59372 kB
KernelStack:       13792 kB
PageTables:        62400 kB
NFS_Unstable:          0 kB
Bounce:                0 kB
WritebackTmp:          0 kB
CommitLimit:    21658988 kB
Committed_AS:   12715616 kB
VmallocTotal:   34359738367 kB
VmallocUsed:           0 kB
VmallocChunk:          0 kB
HardwareCorrupted:     0 kB
AnonHugePages:   1550336 kB
CmaTotal:              0 kB
CmaFree:               0 kB
HugePages_Total:       0
HugePages_Free:        0
HugePages_Rsvd:        0
HugePages_Surp:        0
Hugepagesize:       2048 kB
DirectMap4k:      238844 kB
DirectMap2M:     7993344 kB
DirectMap1G:           0 kB


CPU:total 4 (2 cores per cpu, 2 threads per core) family 6 model 78 stepping 3, cmov, cx8, fxsr, mmx, sse, sse2, sse3, ssse3, sse4.1, sse4.2, popcnt, avx, avx2, aes, clmul, erms, 3dnowpref, lzcnt, ht, tsc, tscinvbit, bmi1, bmi2, adx

/proc/cpuinfo:
processor	: 0
vendor_id	: GenuineIntel
cpu family	: 6
model		: 78
model name	: Intel(R) Core(TM) i7-6560U CPU @ 2.20GHz
stepping	: 3
microcode	: 0x9e
cpu MHz		: 3086.445
cache size	: 4096 KB
physical id	: 0
siblings	: 4
core id		: 0
cpu cores	: 2
apicid		: 0
initial apicid	: 0
fpu		: yes
fpu_exception	: yes
cpuid level	: 22
wp		: yes
flags		: fpu vme de pse tsc msr pae mce cx8 apic sep mtrr pge mca cmov pat pse36 clflush dts acpi mmx fxsr sse sse2 ss ht tm pbe syscall nx pdpe1gb rdtscp lm constant_tsc art arch_perfmon pebs bts rep_good nopl xtopology nonstop_tsc aperfmperf eagerfpu pni pclmulqdq dtes64 monitor ds_cpl vmx est tm2 ssse3 sdbg fma cx16 xtpr pdcm pcid sse4_1 sse4_2 x2apic movbe popcnt tsc_deadline_timer aes xsave avx f16c rdrand lahf_lm abm 3dnowprefetch epb intel_pt tpr_shadow vnmi flexpriority ept vpid fsgsbase tsc_adjust bmi1 avx2 smep bmi2 erms invpcid mpx rdseed adx smap clflushopt xsaveopt xsavec xgetbv1 dtherm ida arat pln pts hwp hwp_notify hwp_act_window hwp_epp
bugs		:
bogomips	: 4415.91
clflush size	: 64
cache_alignment	: 64
address sizes	: 39 bits physical, 48 bits virtual
power management:

processor	: 1
vendor_id	: GenuineIntel
cpu family	: 6
model		: 78
model name	: Intel(R) Core(TM) i7-6560U CPU @ 2.20GHz
stepping	: 3
microcode	: 0x9e
cpu MHz		: 3099.937
cache size	: 4096 KB
physical id	: 0
siblings	: 4
core id		: 1
cpu cores	: 2
apicid		: 2
initial apicid	: 2
fpu		: yes
fpu_exception	: yes
cpuid level	: 22
wp		: yes
flags		: fpu vme de pse tsc msr pae mce cx8 apic sep mtrr pge mca cmov pat pse36 clflush dts acpi mmx fxsr sse sse2 ss ht tm pbe syscall nx pdpe1gb rdtscp lm constant_tsc art arch_perfmon pebs bts rep_good nopl xtopology nonstop_tsc aperfmperf eagerfpu pni pclmulqdq dtes64 monitor ds_cpl vmx est tm2 ssse3 sdbg fma cx16 xtpr pdcm pcid sse4_1 sse4_2 x2apic movbe popcnt tsc_deadline_timer aes xsave avx f16c rdrand lahf_lm abm 3dnowprefetch epb intel_pt tpr_shadow vnmi flexpriority ept vpid fsgsbase tsc_adjust bmi1 avx2 smep bmi2 erms invpcid mpx rdseed adx smap clflushopt xsaveopt xsavec xgetbv1 dtherm ida arat pln pts hwp hwp_notify hwp_act_window hwp_epp
bugs		:
bogomips	: 4415.91
clflush size	: 64
cache_alignment	: 64
address sizes	: 39 bits physical, 48 bits virtual
power management:

processor	: 2
vendor_id	: GenuineIntel
cpu family	: 6
model		: 78
model name	: Intel(R) Core(TM) i7-6560U CPU @ 2.20GHz
stepping	: 3
microcode	: 0x9e
cpu MHz		: 3099.937
cache size	: 4096 KB
physical id	: 0
siblings	: 4
core id		: 0
cpu cores	: 2
apicid		: 1
initial apicid	: 1
fpu		: yes
fpu_exception	: yes
cpuid level	: 22
wp		: yes
flags		: fpu vme de pse tsc msr pae mce cx8 apic sep mtrr pge mca cmov pat pse36 clflush dts acpi mmx fxsr sse sse2 ss ht tm pbe syscall nx pdpe1gb rdtscp lm constant_tsc art arch_perfmon pebs bts rep_good nopl xtopology nonstop_tsc aperfmperf eagerfpu pni pclmulqdq dtes64 monitor ds_cpl vmx est tm2 ssse3 sdbg fma cx16 xtpr pdcm pcid sse4_1 sse4_2 x2apic movbe popcnt tsc_deadline_timer aes xsave avx f16c rdrand lahf_lm abm 3dnowprefetch epb intel_pt tpr_shadow vnmi flexpriority ept vpid fsgsbase tsc_adjust bmi1 avx2 smep bmi2 erms invpcid mpx rdseed adx smap clflushopt xsaveopt xsavec xgetbv1 dtherm ida arat pln pts hwp hwp_notify hwp_act_window hwp_epp
bugs		:
bogomips	: 4415.91
clflush size	: 64
cache_alignment	: 64
address sizes	: 39 bits physical, 48 bits virtual
power management:

processor	: 3
vendor_id	: GenuineIntel
cpu family	: 6
model		: 78
model name	: Intel(R) Core(TM) i7-6560U CPU @ 2.20GHz
stepping	: 3
microcode	: 0x9e
cpu MHz		: 3099.937
cache size	: 4096 KB
physical id	: 0
siblings	: 4
core id		: 1
cpu cores	: 2
apicid		: 3
initial apicid	: 3
fpu		: yes
fpu_exception	: yes
cpuid level	: 22
wp		: yes
flags		: fpu vme de pse tsc msr pae mce cx8 apic sep mtrr pge mca cmov pat pse36 clflush dts acpi mmx fxsr sse sse2 ss ht tm pbe syscall nx pdpe1gb rdtscp lm constant_tsc art arch_perfmon pebs bts rep_good nopl xtopology nonstop_tsc aperfmperf eagerfpu pni pclmulqdq dtes64 monitor ds_cpl vmx est tm2 ssse3 sdbg fma cx16 xtpr pdcm pcid sse4_1 sse4_2 x2apic movbe popcnt tsc_deadline_timer aes xsave avx f16c rdrand lahf_lm abm 3dnowprefetch epb intel_pt tpr_shadow vnmi flexpriority ept vpid fsgsbase tsc_adjust bmi1 avx2 smep bmi2 erms invpcid mpx rdseed adx smap clflushopt xsaveopt xsavec xgetbv1 dtherm ida arat pln pts hwp hwp_notify hwp_act_window hwp_epp
bugs		:
bogomips	: 4415.91
clflush size	: 64
cache_alignment	: 64
address sizes	: 39 bits physical, 48 bits virtual
power management:



Memory: 4k page, physical 8018668k(738964k free), swap 17649656k(17649300k free)

vm_info: Java HotSpot(TM) 64-Bit Server VM (25.91-b14) for linux-amd64 JRE (1.8.0_91-b14), built on Apr  1 2016 00:57:21 by "java_re" with gcc 4.3.0 20080428 (Red Hat 4.3.0-8)

time: Thu Jun 15 23:49:30 2017
elapsed time: 323 seconds (0d 0h 5m 23s)

